2024-06-14 09:52:58,718 - INFO - Connecting to OPC UA Server with url opc.tcp://10.64.70.121:52240
2024-06-14 09:52:58,746 - ERROR - Exception Error occurred at connecting to OPC UA Server opc.tcp://10.64.70.121:52240: object NoneType can't be used in 'await' expression
2024-06-14 09:52:58,747 - INFO - Disconnect OPC UA Server opc.tcp://10.64.70.121:52240
2024-06-14 09:52:58,753 - ERROR - Error while disconnecting: a coroutine was expected, got None
2024-06-14 09:54:16,990 - INFO - Connecting to OPC UA Server with url opc.tcp://10.64.70.121:52240
2024-06-14 09:54:17,032 - ERROR - Exception Error occurred at connecting to OPC UA Server opc.tcp://10.64.70.121:52240: object NoneType can't be used in 'await' expression
2024-06-14 09:54:17,036 - INFO - Disconnect OPC UA Server opc.tcp://10.64.70.121:52240
2024-06-14 09:54:17,042 - ERROR - Error while disconnecting: a coroutine was expected, got None
2024-06-14 09:58:47,561 - ERROR - Exception Error occured at connecting to OPC UA Server opc.tcp://10.64.70.121:52240: [WinError 1225] The remote computer refused the network connection
2024-06-14 09:58:47,563 - INFO - Disconnect OPC UA Server opc.tcp://10.64.70.121:52240
2024-06-14 09:58:47,565 - ERROR - Error while disconnecting: name 'client' is not defined
2024-06-14 09:59:58,949 - INFO - Connecting to OPC UA Server with url opc.tcp://10.64.70.121:52240
2024-06-14 10:00:01,500 - ERROR - Exception Error occured at connecting to OPC UA Server opc.tcp://10.64.70.121:52240: [WinError 1225] The remote computer refused the network connection
2024-06-14 10:00:01,501 - INFO - Disconnect OPC UA Server opc.tcp://10.64.70.121:52240
2024-06-14 10:00:27,778 - INFO - Connecting to OPC UA Server with url opc.tcp://10.64.70.121:52240
2024-06-14 10:00:27,804 - INFO - Connection successfully to OPC UA Server with url opc.tcp://10.64.70.121:52240
2024-06-14 10:00:27,806 - INFO - Total execution time connection 3436668055.584302
2024-06-14 10:00:27,882 - ERROR - Exception Error occured at connecting to OPC UA Server opc.tcp://10.64.70.121:52240: object NoneType can't be used in 'await' expression
2024-06-14 10:00:27,883 - INFO - Disconnect OPC UA Server opc.tcp://10.64.70.121:52240
2024-06-14 10:13:37,515 - INFO - Connecting to OPC UA Server with url opc.tcp://10.64.70.121:52240
2024-06-14 10:13:37,620 - INFO - Connection successfully to OPC UA Server with url opc.tcp://10.64.70.121:52240
2024-06-14 10:13:37,620 - INFO - Total execution time connection 3436669635.1369257
2024-06-14 10:13:37,677 - ERROR - Exception Error occured at connecting to OPC UA Server opc.tcp://10.64.70.121:52240: object NoneType can't be used in 'await' expression
2024-06-14 10:13:37,677 - INFO - Disconnect OPC UA Server opc.tcp://10.64.70.121:52240
2024-06-14 10:15:38,234 - INFO - Connecting to OPC UA Server with url opc.tcp://10.64.70.121:52240
2024-06-14 10:15:41,059 - ERROR - Exception Error occured at connecting to OPC UA Server opc.tcp://10.64.70.121:52240: [WinError 1225] The remote computer refused the network connection
2024-06-14 10:15:41,060 - INFO - Disconnect OPC UA Server opc.tcp://10.64.70.121:52240
2024-06-14 10:17:11,538 - INFO - Connecting to OPC UA Server with url opc.tcp://10.64.70.121:52240
2024-06-14 10:17:11,572 - INFO - Connection successfully to OPC UA Server with url opc.tcp://10.64.70.121:52240
2024-06-14 10:17:11,573 - INFO - Total execution time connection 3436670063.1115847
2024-06-14 10:17:11,615 - ERROR - Exception Error occured at connecting to OPC UA Server opc.tcp://10.64.70.121:52240: object NoneType can't be used in 'await' expression
2024-06-14 10:17:11,616 - INFO - Disconnect OPC UA Server opc.tcp://10.64.70.121:52240
2024-06-14 10:25:40,215 - INFO - Connecting to OPC UA Server with url opc.tcp://10.64.70.121:52240
2024-06-14 10:25:43,051 - ERROR - Exception Error occured at connecting to OPC UA Server opc.tcp://10.64.70.121:52240: [WinError 1225] The remote computer refused the network connection
2024-06-14 10:25:43,052 - INFO - Disconnect OPC UA Server opc.tcp://10.64.70.121:52240
2024-06-14 10:28:20,348 - INFO - Connecting to OPC UA Server with url opc.tcp://localhost:4840
2024-06-14 10:28:20,366 - INFO - Connection successfully to OPC UA Server with url opc.tcp://localhost:4840
2024-06-14 10:28:20,367 - INFO - Total execution time connection 3436671400.716056
2024-06-14 10:28:20,422 - ERROR - Exception Error occured at connecting to OPC UA Server opc.tcp://localhost:4840: object NoneType can't be used in 'await' expression
2024-06-14 10:28:20,423 - INFO - Disconnect OPC UA Server opc.tcp://localhost:4840
2024-06-14 10:30:12,173 - INFO - Connecting to OPC UA Server with url opc.tcp://localhost:4840
2024-06-14 10:30:12,197 - INFO - Connection successfully to OPC UA Server with url opc.tcp://localhost:4840
2024-06-14 10:30:12,198 - INFO - Total execution time connection 3436671624.3733764
2024-06-14 10:30:12,348 - ERROR - Exception Error occured at connecting to OPC UA Server opc.tcp://localhost:4840: object NoneType can't be used in 'await' expression
2024-06-14 10:30:12,397 - INFO - Disconnect OPC UA Server opc.tcp://localhost:4840
2024-06-14 10:33:38,245 - INFO - Connecting to OPC UA Server with url opc.tcp://localhost:4840
2024-06-14 10:33:38,252 - INFO - Connection successfully to OPC UA Server with url opc.tcp://localhost:4840
2024-06-14 10:33:38,255 - INFO - Total execution time connection 3436672036.4992123
2024-06-14 10:33:38,317 - ERROR - Exception Error occured at connecting to OPC UA Server opc.tcp://localhost:4840: object NoneType can't be used in 'await' expression
2024-06-14 10:33:38,318 - INFO - Disconnect OPC UA Server opc.tcp://localhost:4840
2024-06-14 10:34:42,505 - INFO - Connecting to OPC UA Server with url opc.tcp://localhost:4840
2024-06-14 10:34:42,525 - INFO - Connection successfully to OPC UA Server with url opc.tcp://localhost:4840
2024-06-14 10:34:42,526 - INFO - Total execution time connection 3436672165.0319347
2024-06-14 10:34:42,585 - INFO - Import node id from excel file successfully, dir nxservice/bin/dataset/dataset.xlsx, total node id 293
2024-06-14 10:34:42,589 - INFO - Creating subscription for datachange
2024-06-14 10:34:42,589 - INFO - Create subscription with execution time 100
2024-06-14 10:34:42,592 - INFO - Total time for create subscribe 3436672165.177018
2024-06-14 10:34:42,593 - INFO - Getting node information from server
2024-06-14 10:34:43,199 - INFO - Starting subscribing each node to server!
2024-06-14 10:34:49,979 - INFO - Disconnect OPC UA Server opc.tcp://localhost:4840
2024-06-14 10:36:38,882 - INFO - Connecting to OPC UA Server with url opc.tcp://10.64.70.121:52240
2024-06-14 10:36:38,913 - INFO - Connection successfully to OPC UA Server with url opc.tcp://10.64.70.121:52240
2024-06-14 10:36:38,915 - INFO - Total execution time connection 3436672397.798704
2024-06-14 10:36:38,989 - INFO - Import node id from excel file successfully, dir nxservice/bin/dataset/dataset.xlsx, total node id 293
2024-06-14 10:36:38,990 - INFO - Creating subscription for datachange
2024-06-14 10:36:38,991 - INFO - Create subscription with execution time 100
2024-06-14 10:36:38,999 - INFO - Total time for create subscribe 3436672397.989355
2024-06-14 10:36:39,000 - INFO - Getting node information from server
2024-06-14 10:36:39,065 - INFO - Starting subscribing each node to server!
2024-06-14 10:37:18,819 - INFO - Disconnect OPC UA Server opc.tcp://10.64.70.121:52240
2024-06-14 10:59:56,525 - INFO - Connecting to OPC UA Server with url opc.tcp://localhost:4840
2024-06-14 10:59:56,543 - INFO - Connection successfully to OPC UA Server with url opc.tcp://localhost:4840
2024-06-14 10:59:59,706 - ERROR - Error occured in DB Connection: (20009, b'DB-Lib error message 20009, severity 9:\nUnable to connect: Adaptive Server is unavailable or does not exist (10.64.70.121)\nNet-Lib error during Unknown error (10061)\nDB-Lib error message 20009, severity 9:\nUnable to connect: Adaptive Server is unavailable or does not exist (10.64.70.121)\nNet-Lib error during Unknown error (10061)\n')
2024-06-14 10:59:59,706 - ERROR - Exception Error occured at connecting to OPC UA Server opc.tcp://localhost:4840: object NoneType can't be used in 'await' expression
2024-06-14 10:59:59,707 - INFO - Disconnect OPC UA Server opc.tcp://localhost:4840
2024-06-14 11:00:53,103 - INFO - Connecting to OPC UA Server with url opc.tcp://localhost:4840
2024-06-14 11:00:53,118 - INFO - Connection successfully to OPC UA Server with url opc.tcp://localhost:4840
2024-06-14 11:00:56,339 - ERROR - Error occured in DB Connection: (20009, b'DB-Lib error message 20009, severity 9:\nUnable to connect: Adaptive Server is unavailable or does not exist (10.64.70.121)\nNet-Lib error during Unknown error (10053)\nDB-Lib error message 20009, severity 9:\nUnable to connect: Adaptive Server is unavailable or does not exist (10.64.70.121)\nNet-Lib error during Unknown error (10053)\n')
2024-06-14 11:00:56,367 - ERROR - Exception Error occured at connecting to OPC UA Server opc.tcp://localhost:4840: object NoneType can't be used in 'await' expression
2024-06-14 11:00:56,377 - INFO - Disconnect OPC UA Server opc.tcp://localhost:4840
2024-06-14 11:01:12,869 - INFO - Connecting to OPC UA Server with url opc.tcp://localhost:4840
2024-06-14 11:01:12,887 - INFO - Connection successfully to OPC UA Server with url opc.tcp://localhost:4840
2024-06-14 11:01:15,653 - ERROR - Error occured in DB Connection: (20009, b'DB-Lib error message 20009, severity 9:\nUnable to connect: Adaptive Server is unavailable or does not exist (10.64.70.121)\nNet-Lib error during Unknown error (10061)\nDB-Lib error message 20009, severity 9:\nUnable to connect: Adaptive Server is unavailable or does not exist (10.64.70.121)\nNet-Lib error during Unknown error (10061)\n')
2024-06-14 11:01:15,654 - ERROR - Exception Error occured at connecting to OPC UA Server opc.tcp://localhost:4840: object NoneType can't be used in 'await' expression
2024-06-14 11:01:15,655 - INFO - Disconnect OPC UA Server opc.tcp://localhost:4840
2024-06-14 11:01:46,461 - INFO - Connecting to OPC UA Server with url opc.tcp://localhost:4840
2024-06-14 11:01:46,477 - INFO - Connection successfully to OPC UA Server with url opc.tcp://localhost:4840
2024-06-14 11:01:49,327 - ERROR - Error occured in DB Connection: (20009, b'DB-Lib error message 20009, severity 9:\nUnable to connect: Adaptive Server is unavailable or does not exist (10.64.70.121)\nNet-Lib error during Unknown error (10061)\nDB-Lib error message 20009, severity 9:\nUnable to connect: Adaptive Server is unavailable or does not exist (10.64.70.121)\nNet-Lib error during Unknown error (10061)\n')
2024-06-14 11:01:49,328 - ERROR - Exception Error occured at connecting to OPC UA Server opc.tcp://localhost:4840: object NoneType can't be used in 'await' expression
2024-06-14 11:01:49,329 - INFO - Disconnect OPC UA Server opc.tcp://localhost:4840
2024-06-14 11:02:39,737 - INFO - Connecting to OPC UA Server with url opc.tcp://localhost:4840
2024-06-14 11:02:39,752 - INFO - Connection successfully to OPC UA Server with url opc.tcp://localhost:4840
2024-06-14 11:02:39,753 - INFO - Total execution time connection 3436675519.4914145
2024-06-14 11:02:39,791 - INFO - Import node id from excel file successfully, dir svcEngine/bin/dataset/dataset.xlsx, total node id 293
2024-06-14 11:02:39,792 - INFO - Creating subscription for datachange
2024-06-14 11:02:39,792 - INFO - Create subscription with execution time 100
2024-06-14 11:02:39,795 - INFO - Total time for create subscribe 3436675519.587707
2024-06-14 11:02:39,795 - INFO - Getting node information from server
2024-06-14 11:02:39,855 - INFO - Starting subscribing each node to server!
2024-06-14 11:03:35,634 - INFO - Disconnect OPC UA Server opc.tcp://localhost:4840
2024-06-14 11:03:45,329 - INFO - Connecting to OPC UA Server with url opc.tcp://localhost:4840
2024-06-14 11:03:45,344 - INFO - Connection successfully to OPC UA Server with url opc.tcp://localhost:4840
2024-06-14 11:03:45,345 - INFO - Total execution time connection 3436675650.6760874
2024-06-14 11:03:45,382 - INFO - Import node id from excel file successfully, dir svcEngine/bin/dataset/dataset.xlsx, total node id 293
2024-06-14 11:03:45,383 - INFO - Creating subscription for datachange
2024-06-14 11:03:45,383 - INFO - Create subscription with execution time 100
2024-06-14 11:03:45,386 - INFO - Total time for create subscribe 3436675650.768862
2024-06-14 11:03:45,386 - INFO - Getting node information from server
2024-06-14 11:03:45,440 - INFO - Starting subscribing each node to server!
2024-06-14 11:03:50,812 - INFO - Disconnect OPC UA Server opc.tcp://localhost:4840
2024-06-14 11:04:20,868 - INFO - Connecting to OPC UA Server with url opc.tcp://localhost:4840
2024-06-14 11:04:20,883 - INFO - Connection successfully to OPC UA Server with url opc.tcp://localhost:4840
2024-06-14 11:04:26,532 - ERROR - Error occured in DB Connection: (20009, b'DB-Lib error message 20009, severity 9:\nUnable to connect: Adaptive Server is unavailable or does not exist (10.64.70.121)\nNet-Lib error during Unknown error (10061)\nDB-Lib error message 20009, severity 9:\nUnable to connect: Adaptive Server is unavailable or does not exist (10.64.70.121)\nNet-Lib error during Unknown error (10061)\n')
2024-06-14 11:04:26,533 - INFO - Total execution time connection 3436675727.4014726
2024-06-14 11:04:26,581 - INFO - Import node id from excel file successfully, dir svcEngine/bin/dataset/dataset.xlsx, total node id 293
2024-06-14 11:04:26,582 - INFO - Creating subscription for datachange
2024-06-14 11:04:26,584 - INFO - Create subscription with execution time 100
2024-06-14 11:04:26,586 - INFO - Total time for create subscribe 3436675733.1685567
2024-06-14 11:04:26,587 - INFO - Getting node information from server
2024-06-14 11:04:26,639 - INFO - Starting subscribing each node to server!
2024-06-14 11:04:26,699 - WARNING - Cannot update to database table because no connection established.
2024-06-14 11:04:26,786 - WARNING - Cannot update to database table because no connection established.
2024-06-14 11:04:26,852 - WARNING - Cannot update to database table because no connection established.
2024-06-14 11:04:26,883 - WARNING - Cannot update to database table because no connection established.
2024-06-14 11:04:26,919 - WARNING - Cannot update to database table because no connection established.
2024-06-14 11:04:26,925 - WARNING - Cannot update to database table because no connection established.
2024-06-14 11:04:26,979 - WARNING - Cannot update to database table because no connection established.
2024-06-14 11:04:26,981 - WARNING - Cannot update to database table because no connection established.
2024-06-14 11:04:26,982 - WARNING - Cannot update to database table because no connection established.
2024-06-14 11:04:26,984 - WARNING - Cannot update to database table because no connection established.
2024-06-14 11:04:26,985 - WARNING - Cannot update to database table because no connection established.
2024-06-14 11:04:26,986 - WARNING - Cannot update to database table because no connection established.
2024-06-14 11:04:26,987 - WARNING - Cannot update to database table because no connection established.
2024-06-14 11:04:26,991 - WARNING - Cannot update to database table because no connection established.
2024-06-14 11:04:26,994 - WARNING - Cannot update to database table because no connection established.
2024-06-14 11:04:26,995 - WARNING - Cannot update to database table because no connection established.
2024-06-14 11:04:26,997 - WARNING - Cannot update to database table because no connection established.
2024-06-14 11:04:26,998 - WARNING - Cannot update to database table because no connection established.
2024-06-14 11:04:27,002 - WARNING - Cannot update to database table because no connection established.
2024-06-14 11:04:27,004 - WARNING - Cannot update to database table because no connection established.
2024-06-14 11:04:27,005 - WARNING - Cannot update to database table because no connection established.
2024-06-14 11:04:27,007 - WARNING - Cannot update to database table because no connection established.
2024-06-14 11:04:27,008 - WARNING - Cannot update to database table because no connection established.
2024-06-14 11:04:27,009 - WARNING - Cannot update to database table because no connection established.
2024-06-14 11:04:27,012 - WARNING - Cannot update to database table because no connection established.
2024-06-14 11:04:27,014 - WARNING - Cannot update to database table because no connection established.
2024-06-14 11:04:27,020 - WARNING - Cannot update to database table because no connection established.
2024-06-14 11:04:27,024 - WARNING - Cannot update to database table because no connection established.
2024-06-14 11:04:27,026 - WARNING - Cannot update to database table because no connection established.
2024-06-14 11:04:27,026 - WARNING - Cannot update to database table because no connection established.
2024-06-14 11:04:27,028 - WARNING - Cannot update to database table because no connection established.
2024-06-14 11:04:27,030 - WARNING - Cannot update to database table because no connection established.
2024-06-14 11:04:27,038 - WARNING - Cannot update to database table because no connection established.
2024-06-14 11:04:27,040 - WARNING - Cannot update to database table because no connection established.
2024-06-14 11:04:27,041 - WARNING - Cannot update to database table because no connection established.
2024-06-14 11:04:27,042 - WARNING - Cannot update to database table because no connection established.
2024-06-14 11:04:27,043 - WARNING - Cannot update to database table because no connection established.
2024-06-14 11:04:27,044 - WARNING - Cannot update to database table because no connection established.
2024-06-14 11:04:27,045 - WARNING - Cannot update to database table because no connection established.
2024-06-14 11:04:27,046 - WARNING - Cannot update to database table because no connection established.
2024-06-14 11:04:27,047 - WARNING - Cannot update to database table because no connection established.
2024-06-14 11:04:27,049 - WARNING - Cannot update to database table because no connection established.
2024-06-14 11:04:27,053 - WARNING - Cannot update to database table because no connection established.
2024-06-14 11:04:27,055 - WARNING - Cannot update to database table because no connection established.
2024-06-14 11:04:27,056 - WARNING - Cannot update to database table because no connection established.
2024-06-14 11:04:27,058 - WARNING - Cannot update to database table because no connection established.
2024-06-14 11:04:27,059 - WARNING - Cannot update to database table because no connection established.
2024-06-14 11:04:27,061 - WARNING - Cannot update to database table because no connection established.
2024-06-14 11:04:27,061 - WARNING - Cannot update to database table because no connection established.
2024-06-14 11:04:27,063 - WARNING - Cannot update to database table because no connection established.
2024-06-14 11:04:27,064 - WARNING - Cannot update to database table because no connection established.
2024-06-14 11:04:27,065 - WARNING - Cannot update to database table because no connection established.
2024-06-14 11:04:27,065 - WARNING - Cannot update to database table because no connection established.
2024-06-14 11:04:27,070 - WARNING - Cannot update to database table because no connection established.
2024-06-14 11:04:27,072 - WARNING - Cannot update to database table because no connection established.
2024-06-14 11:04:27,073 - WARNING - Cannot update to database table because no connection established.
2024-06-14 11:04:27,074 - WARNING - Cannot update to database table because no connection established.
2024-06-14 11:04:27,075 - WARNING - Cannot update to database table because no connection established.
2024-06-14 11:04:27,076 - WARNING - Cannot update to database table because no connection established.
2024-06-14 11:04:27,078 - WARNING - Cannot update to database table because no connection established.
2024-06-14 11:04:27,079 - WARNING - Cannot update to database table because no connection established.
2024-06-14 11:04:27,081 - WARNING - Cannot update to database table because no connection established.
2024-06-14 11:04:27,082 - WARNING - Cannot update to database table because no connection established.
2024-06-14 11:04:27,085 - WARNING - Cannot update to database table because no connection established.
2024-06-14 11:04:27,087 - WARNING - Cannot update to database table because no connection established.
2024-06-14 11:04:27,088 - WARNING - Cannot update to database table because no connection established.
2024-06-14 11:04:27,090 - WARNING - Cannot update to database table because no connection established.
2024-06-14 11:04:27,091 - WARNING - Cannot update to database table because no connection established.
2024-06-14 11:04:27,092 - WARNING - Cannot update to database table because no connection established.
2024-06-14 11:04:27,093 - WARNING - Cannot update to database table because no connection established.
2024-06-14 11:04:27,094 - WARNING - Cannot update to database table because no connection established.
2024-06-14 11:04:27,095 - WARNING - Cannot update to database table because no connection established.
2024-06-14 11:04:27,096 - WARNING - Cannot update to database table because no connection established.
2024-06-14 11:04:27,097 - WARNING - Cannot update to database table because no connection established.
2024-06-14 11:04:27,098 - WARNING - Cannot update to database table because no connection established.
2024-06-14 11:04:27,102 - WARNING - Cannot update to database table because no connection established.
2024-06-14 11:04:27,105 - WARNING - Cannot update to database table because no connection established.
2024-06-14 11:04:27,106 - WARNING - Cannot update to database table because no connection established.
2024-06-14 11:04:27,108 - WARNING - Cannot update to database table because no connection established.
2024-06-14 11:04:27,109 - WARNING - Cannot update to database table because no connection established.
2024-06-14 11:04:27,110 - WARNING - Cannot update to database table because no connection established.
2024-06-14 11:04:27,111 - WARNING - Cannot update to database table because no connection established.
2024-06-14 11:04:27,112 - WARNING - Cannot update to database table because no connection established.
2024-06-14 11:04:27,113 - WARNING - Cannot update to database table because no connection established.
2024-06-14 11:04:27,114 - WARNING - Cannot update to database table because no connection established.
2024-06-14 11:04:27,115 - WARNING - Cannot update to database table because no connection established.
2024-06-14 11:04:27,118 - WARNING - Cannot update to database table because no connection established.
2024-06-14 11:04:27,120 - WARNING - Cannot update to database table because no connection established.
2024-06-14 11:04:27,121 - WARNING - Cannot update to database table because no connection established.
2024-06-14 11:04:27,122 - WARNING - Cannot update to database table because no connection established.
2024-06-14 11:04:27,124 - WARNING - Cannot update to database table because no connection established.
2024-06-14 11:04:27,125 - WARNING - Cannot update to database table because no connection established.
2024-06-14 11:04:27,126 - WARNING - Cannot update to database table because no connection established.
2024-06-14 11:04:27,127 - WARNING - Cannot update to database table because no connection established.
2024-06-14 11:04:27,127 - WARNING - Cannot update to database table because no connection established.
2024-06-14 11:04:27,128 - WARNING - Cannot update to database table because no connection established.
2024-06-14 11:04:27,129 - WARNING - Cannot update to database table because no connection established.
2024-06-14 11:04:27,130 - WARNING - Cannot update to database table because no connection established.
2024-06-14 11:04:27,130 - WARNING - Cannot update to database table because no connection established.
2024-06-14 11:04:27,131 - WARNING - Cannot update to database table because no connection established.
2024-06-14 11:04:27,132 - WARNING - Cannot update to database table because no connection established.
2024-06-14 11:04:27,134 - WARNING - Cannot update to database table because no connection established.
2024-06-14 11:04:27,136 - WARNING - Cannot update to database table because no connection established.
2024-06-14 11:04:27,137 - WARNING - Cannot update to database table because no connection established.
2024-06-14 11:04:27,138 - WARNING - Cannot update to database table because no connection established.
2024-06-14 11:04:27,139 - WARNING - Cannot update to database table because no connection established.
2024-06-14 11:04:27,141 - WARNING - Cannot update to database table because no connection established.
2024-06-14 11:04:27,142 - WARNING - Cannot update to database table because no connection established.
2024-06-14 11:04:27,142 - WARNING - Cannot update to database table because no connection established.
2024-06-14 11:04:27,143 - WARNING - Cannot update to database table because no connection established.
2024-06-14 11:04:27,144 - WARNING - Cannot update to database table because no connection established.
2024-06-14 11:04:27,145 - WARNING - Cannot update to database table because no connection established.
2024-06-14 11:04:27,145 - WARNING - Cannot update to database table because no connection established.
2024-06-14 11:04:27,146 - WARNING - Cannot update to database table because no connection established.
2024-06-14 11:04:27,147 - WARNING - Cannot update to database table because no connection established.
2024-06-14 11:04:27,147 - WARNING - Cannot update to database table because no connection established.
2024-06-14 11:04:27,148 - WARNING - Cannot update to database table because no connection established.
2024-06-14 11:04:27,150 - WARNING - Cannot update to database table because no connection established.
2024-06-14 11:04:27,152 - WARNING - Cannot update to database table because no connection established.
2024-06-14 11:04:27,154 - WARNING - Cannot update to database table because no connection established.
2024-06-14 11:04:27,155 - WARNING - Cannot update to database table because no connection established.
2024-06-14 11:04:27,156 - WARNING - Cannot update to database table because no connection established.
2024-06-14 11:04:27,157 - WARNING - Cannot update to database table because no connection established.
2024-06-14 11:04:27,157 - WARNING - Cannot update to database table because no connection established.
2024-06-14 11:04:27,158 - WARNING - Cannot update to database table because no connection established.
2024-06-14 11:04:27,159 - WARNING - Cannot update to database table because no connection established.
2024-06-14 11:04:27,160 - WARNING - Cannot update to database table because no connection established.
2024-06-14 11:04:27,161 - WARNING - Cannot update to database table because no connection established.
2024-06-14 11:04:27,162 - WARNING - Cannot update to database table because no connection established.
2024-06-14 11:04:27,162 - WARNING - Cannot update to database table because no connection established.
2024-06-14 11:04:27,163 - WARNING - Cannot update to database table because no connection established.
2024-06-14 11:04:27,164 - WARNING - Cannot update to database table because no connection established.
2024-06-14 11:04:27,165 - WARNING - Cannot update to database table because no connection established.
2024-06-14 11:04:27,166 - WARNING - Cannot update to database table because no connection established.
2024-06-14 11:04:27,168 - WARNING - Cannot update to database table because no connection established.
2024-06-14 11:04:27,170 - WARNING - Cannot update to database table because no connection established.
2024-06-14 11:04:27,171 - WARNING - Cannot update to database table because no connection established.
2024-06-14 11:04:27,172 - WARNING - Cannot update to database table because no connection established.
2024-06-14 11:04:27,173 - WARNING - Cannot update to database table because no connection established.
2024-06-14 11:04:27,174 - WARNING - Cannot update to database table because no connection established.
2024-06-14 11:04:27,174 - WARNING - Cannot update to database table because no connection established.
2024-06-14 11:04:27,175 - WARNING - Cannot update to database table because no connection established.
2024-06-14 11:04:27,175 - WARNING - Cannot update to database table because no connection established.
2024-06-14 11:04:27,176 - WARNING - Cannot update to database table because no connection established.
2024-06-14 11:04:27,177 - WARNING - Cannot update to database table because no connection established.
2024-06-14 11:04:27,178 - WARNING - Cannot update to database table because no connection established.
2024-06-14 11:04:27,179 - WARNING - Cannot update to database table because no connection established.
2024-06-14 11:04:27,180 - WARNING - Cannot update to database table because no connection established.
2024-06-14 11:04:27,181 - WARNING - Cannot update to database table because no connection established.
2024-06-14 11:04:27,181 - WARNING - Cannot update to database table because no connection established.
2024-06-14 11:04:27,184 - WARNING - Cannot update to database table because no connection established.
2024-06-14 11:04:27,185 - WARNING - Cannot update to database table because no connection established.
2024-06-14 11:04:27,187 - WARNING - Cannot update to database table because no connection established.
2024-06-14 11:04:27,188 - WARNING - Cannot update to database table because no connection established.
2024-06-14 11:04:27,189 - WARNING - Cannot update to database table because no connection established.
2024-06-14 11:04:27,190 - WARNING - Cannot update to database table because no connection established.
2024-06-14 11:04:27,191 - WARNING - Cannot update to database table because no connection established.
2024-06-14 11:04:27,192 - WARNING - Cannot update to database table because no connection established.
2024-06-14 11:04:27,193 - WARNING - Cannot update to database table because no connection established.
2024-06-14 11:04:27,193 - WARNING - Cannot update to database table because no connection established.
2024-06-14 11:04:27,194 - WARNING - Cannot update to database table because no connection established.
2024-06-14 11:04:27,195 - WARNING - Cannot update to database table because no connection established.
2024-06-14 11:04:27,196 - WARNING - Cannot update to database table because no connection established.
2024-06-14 11:04:27,196 - WARNING - Cannot update to database table because no connection established.
2024-06-14 11:04:27,202 - WARNING - Cannot update to database table because no connection established.
2024-06-14 11:04:27,204 - WARNING - Cannot update to database table because no connection established.
2024-06-14 11:04:27,205 - WARNING - Cannot update to database table because no connection established.
2024-06-14 11:04:27,207 - WARNING - Cannot update to database table because no connection established.
2024-06-14 11:04:27,207 - WARNING - Cannot update to database table because no connection established.
2024-06-14 11:04:27,208 - WARNING - Cannot update to database table because no connection established.
2024-06-14 11:04:27,209 - WARNING - Cannot update to database table because no connection established.
2024-06-14 11:04:27,210 - WARNING - Cannot update to database table because no connection established.
2024-06-14 11:04:27,210 - WARNING - Cannot update to database table because no connection established.
2024-06-14 11:04:27,211 - WARNING - Cannot update to database table because no connection established.
2024-06-14 11:04:27,212 - WARNING - Cannot update to database table because no connection established.
2024-06-14 11:04:27,212 - WARNING - Cannot update to database table because no connection established.
2024-06-14 11:04:27,213 - WARNING - Cannot update to database table because no connection established.
2024-06-14 11:04:27,214 - WARNING - Cannot update to database table because no connection established.
2024-06-14 11:04:27,215 - WARNING - Cannot update to database table because no connection established.
2024-06-14 11:04:27,216 - WARNING - Cannot update to database table because no connection established.
2024-06-14 11:04:27,218 - WARNING - Cannot update to database table because no connection established.
2024-06-14 11:04:27,220 - WARNING - Cannot update to database table because no connection established.
2024-06-14 11:04:27,221 - WARNING - Cannot update to database table because no connection established.
2024-06-14 11:04:27,223 - WARNING - Cannot update to database table because no connection established.
2024-06-14 11:04:27,224 - WARNING - Cannot update to database table because no connection established.
2024-06-14 11:04:27,224 - WARNING - Cannot update to database table because no connection established.
2024-06-14 11:04:27,225 - WARNING - Cannot update to database table because no connection established.
2024-06-14 11:04:27,226 - WARNING - Cannot update to database table because no connection established.
2024-06-14 11:04:27,227 - WARNING - Cannot update to database table because no connection established.
2024-06-14 11:04:27,228 - WARNING - Cannot update to database table because no connection established.
2024-06-14 11:04:27,228 - WARNING - Cannot update to database table because no connection established.
2024-06-14 11:04:27,229 - WARNING - Cannot update to database table because no connection established.
2024-06-14 11:04:27,230 - WARNING - Cannot update to database table because no connection established.
2024-06-14 11:04:27,231 - WARNING - Cannot update to database table because no connection established.
2024-06-14 11:04:27,232 - WARNING - Cannot update to database table because no connection established.
2024-06-14 11:04:27,235 - WARNING - Cannot update to database table because no connection established.
2024-06-14 11:04:27,237 - WARNING - Cannot update to database table because no connection established.
2024-06-14 11:04:27,238 - WARNING - Cannot update to database table because no connection established.
2024-06-14 11:04:27,239 - WARNING - Cannot update to database table because no connection established.
2024-06-14 11:04:27,240 - WARNING - Cannot update to database table because no connection established.
2024-06-14 11:04:27,240 - WARNING - Cannot update to database table because no connection established.
2024-06-14 11:04:27,241 - WARNING - Cannot update to database table because no connection established.
2024-06-14 11:04:27,241 - WARNING - Cannot update to database table because no connection established.
2024-06-14 11:04:27,242 - WARNING - Cannot update to database table because no connection established.
2024-06-14 11:04:27,243 - WARNING - Cannot update to database table because no connection established.
2024-06-14 11:04:27,244 - WARNING - Cannot update to database table because no connection established.
2024-06-14 11:04:27,245 - WARNING - Cannot update to database table because no connection established.
2024-06-14 11:04:27,245 - WARNING - Cannot update to database table because no connection established.
2024-06-14 11:04:27,246 - WARNING - Cannot update to database table because no connection established.
2024-06-14 11:04:27,247 - WARNING - Cannot update to database table because no connection established.
2024-06-14 11:04:27,248 - WARNING - Cannot update to database table because no connection established.
2024-06-14 11:04:27,252 - WARNING - Cannot update to database table because no connection established.
2024-06-14 11:04:27,253 - WARNING - Cannot update to database table because no connection established.
2024-06-14 11:04:27,254 - WARNING - Cannot update to database table because no connection established.
2024-06-14 11:04:27,255 - WARNING - Cannot update to database table because no connection established.
2024-06-14 11:04:27,256 - WARNING - Cannot update to database table because no connection established.
2024-06-14 11:04:27,257 - WARNING - Cannot update to database table because no connection established.
2024-06-14 11:04:27,258 - WARNING - Cannot update to database table because no connection established.
2024-06-14 11:04:27,258 - WARNING - Cannot update to database table because no connection established.
2024-06-14 11:04:27,259 - WARNING - Cannot update to database table because no connection established.
2024-06-14 11:04:27,260 - WARNING - Cannot update to database table because no connection established.
2024-06-14 11:04:27,261 - WARNING - Cannot update to database table because no connection established.
2024-06-14 11:04:27,262 - WARNING - Cannot update to database table because no connection established.
2024-06-14 11:04:27,262 - WARNING - Cannot update to database table because no connection established.
2024-06-14 11:04:27,263 - WARNING - Cannot update to database table because no connection established.
2024-06-14 11:04:27,264 - WARNING - Cannot update to database table because no connection established.
2024-06-14 11:04:27,267 - WARNING - Cannot update to database table because no connection established.
2024-06-14 11:04:27,269 - WARNING - Cannot update to database table because no connection established.
2024-06-14 11:04:36,886 - INFO - Disconnect OPC UA Server opc.tcp://localhost:4840
2024-06-14 14:11:46,338 - INFO - Connecting to OPC UA Server with url opc.tcp://10.64.70.121:52240
2024-06-14 14:11:46,360 - INFO - Connection successfully to OPC UA Server with url opc.tcp://10.64.70.121:52240
2024-06-14 14:11:46,460 - INFO - Connecting to MS SQL Server database with IP:10.64.70.121, Database name:DB_Shellbody2, UName:admin40, DB Dict:True
2024-06-14 14:11:46,461 - INFO - Total execution time connection 3436698212.799237
2024-06-14 14:11:46,499 - INFO - Import node id from excel file successfully, dir svcEngine/bin/dataset/dataset.xlsx, total node id 293
2024-06-14 14:11:46,499 - INFO - Creating subscription for datachange
2024-06-14 14:11:46,500 - INFO - Create subscription with execution time 100
2024-06-14 14:11:46,504 - INFO - Total time for create subscribe 3436698213.0035973
2024-06-14 14:11:46,505 - INFO - Getting node information from server
2024-06-14 14:11:46,539 - INFO - Starting subscribing each node to server!
2024-06-14 14:11:46,617 - INFO - Opening excel file in svcEngine/bin/dataset/dataset.xlsx
2024-06-14 14:11:46,682 - INFO - Using OPC UA Client method to connect DXP Server
2024-06-14 14:11:46,722 - INFO - Opening excel file in svcEngine/bin/dataset/dataset.xlsx
2024-06-14 14:11:46,767 - INFO - Using OPC UA Client method to connect DXP Server
2024-06-14 14:11:46,798 - INFO - Opening excel file in svcEngine/bin/dataset/dataset.xlsx
2024-06-14 14:11:46,841 - INFO - Using OPC UA Client method to connect DXP Server
2024-06-14 14:11:46,870 - INFO - Opening excel file in svcEngine/bin/dataset/dataset.xlsx
2024-06-14 14:11:46,915 - INFO - Using OPC UA Client method to connect DXP Server
2024-06-14 14:11:46,941 - INFO - Opening excel file in svcEngine/bin/dataset/dataset.xlsx
2024-06-14 14:11:46,977 - INFO - Using OPC UA Client method to connect DXP Server
2024-06-14 14:11:47,004 - INFO - Opening excel file in svcEngine/bin/dataset/dataset.xlsx
2024-06-14 14:11:47,042 - INFO - Using OPC UA Client method to connect DXP Server
2024-06-14 14:11:47,072 - INFO - Opening excel file in svcEngine/bin/dataset/dataset.xlsx
2024-06-14 14:11:47,118 - INFO - Using OPC UA Client method to connect DXP Server
2024-06-14 14:11:47,145 - INFO - Opening excel file in svcEngine/bin/dataset/dataset.xlsx
2024-06-14 14:11:47,207 - INFO - Using OPC UA Client method to connect DXP Server
2024-06-14 14:11:47,239 - INFO - Opening excel file in svcEngine/bin/dataset/dataset.xlsx
2024-06-14 14:11:47,280 - INFO - Using OPC UA Client method to connect DXP Server
2024-06-14 14:11:47,309 - INFO - Opening excel file in svcEngine/bin/dataset/dataset.xlsx
2024-06-14 14:11:47,352 - INFO - Using OPC UA Client method to connect DXP Server
2024-06-14 14:11:47,380 - INFO - Opening excel file in svcEngine/bin/dataset/dataset.xlsx
2024-06-14 14:11:47,424 - INFO - Using OPC UA Client method to connect DXP Server
2024-06-14 14:11:47,450 - INFO - Opening excel file in svcEngine/bin/dataset/dataset.xlsx
2024-06-14 14:11:47,488 - INFO - Using OPC UA Client method to connect DXP Server
2024-06-14 14:11:47,514 - INFO - Opening excel file in svcEngine/bin/dataset/dataset.xlsx
2024-06-14 14:11:47,553 - INFO - Using OPC UA Client method to connect DXP Server
2024-06-14 14:11:47,580 - INFO - Opening excel file in svcEngine/bin/dataset/dataset.xlsx
2024-06-14 14:11:47,619 - INFO - Using OPC UA Client method to connect DXP Server
2024-06-14 14:11:47,645 - INFO - Opening excel file in svcEngine/bin/dataset/dataset.xlsx
2024-06-14 14:11:47,682 - INFO - Using OPC UA Client method to connect DXP Server
2024-06-14 14:11:47,710 - INFO - Opening excel file in svcEngine/bin/dataset/dataset.xlsx
2024-06-14 14:11:47,748 - INFO - Using OPC UA Client method to connect DXP Server
2024-06-14 14:11:47,776 - INFO - Opening excel file in svcEngine/bin/dataset/dataset.xlsx
2024-06-14 14:11:47,817 - INFO - Using OPC UA Client method to connect DXP Server
2024-06-14 14:11:47,843 - INFO - Opening excel file in svcEngine/bin/dataset/dataset.xlsx
2024-06-14 14:11:47,880 - INFO - Using OPC UA Client method to connect DXP Server
2024-06-14 14:11:47,906 - INFO - Opening excel file in svcEngine/bin/dataset/dataset.xlsx
2024-06-14 14:11:47,946 - INFO - Using OPC UA Client method to connect DXP Server
2024-06-14 14:11:47,974 - INFO - Opening excel file in svcEngine/bin/dataset/dataset.xlsx
2024-06-14 14:11:48,010 - INFO - Using OPC UA Client method to connect DXP Server
2024-06-14 14:11:48,039 - INFO - Opening excel file in svcEngine/bin/dataset/dataset.xlsx
2024-06-14 14:11:48,077 - INFO - Using OPC UA Client method to connect DXP Server
2024-06-14 14:11:48,107 - INFO - Opening excel file in svcEngine/bin/dataset/dataset.xlsx
2024-06-14 14:11:48,148 - INFO - Using OPC UA Client method to connect DXP Server
2024-06-14 14:11:48,174 - INFO - Opening excel file in svcEngine/bin/dataset/dataset.xlsx
2024-06-14 14:11:48,211 - INFO - Using OPC UA Client method to connect DXP Server
2024-06-14 14:11:48,241 - INFO - Opening excel file in svcEngine/bin/dataset/dataset.xlsx
2024-06-14 14:11:48,279 - INFO - Using OPC UA Client method to connect DXP Server
2024-06-14 14:11:48,307 - INFO - Opening excel file in svcEngine/bin/dataset/dataset.xlsx
2024-06-14 14:11:48,346 - INFO - Using OPC UA Client method to connect DXP Server
2024-06-14 14:11:48,377 - INFO - Opening excel file in svcEngine/bin/dataset/dataset.xlsx
2024-06-14 14:11:48,414 - INFO - Using OPC UA Client method to connect DXP Server
2024-06-14 14:11:48,447 - INFO - Opening excel file in svcEngine/bin/dataset/dataset.xlsx
2024-06-14 14:11:48,486 - INFO - Using OPC UA Client method to connect DXP Server
2024-06-14 14:11:48,513 - INFO - Opening excel file in svcEngine/bin/dataset/dataset.xlsx
2024-06-14 14:11:48,556 - INFO - Using OPC UA Client method to connect DXP Server
2024-06-14 14:11:48,583 - INFO - Opening excel file in svcEngine/bin/dataset/dataset.xlsx
2024-06-14 14:11:48,636 - INFO - Using OPC UA Client method to connect DXP Server
2024-06-14 14:11:48,662 - INFO - Opening excel file in svcEngine/bin/dataset/dataset.xlsx
2024-06-14 14:11:48,703 - INFO - Using OPC UA Client method to connect DXP Server
2024-06-14 14:11:48,731 - INFO - Opening excel file in svcEngine/bin/dataset/dataset.xlsx
2024-06-14 14:11:48,771 - INFO - Using OPC UA Client method to connect DXP Server
2024-06-14 14:11:48,799 - INFO - Opening excel file in svcEngine/bin/dataset/dataset.xlsx
2024-06-14 14:11:48,837 - INFO - Using OPC UA Client method to connect DXP Server
2024-06-14 14:11:48,865 - INFO - Opening excel file in svcEngine/bin/dataset/dataset.xlsx
2024-06-14 14:11:48,902 - INFO - Using OPC UA Client method to connect DXP Server
2024-06-14 14:11:48,931 - INFO - Opening excel file in svcEngine/bin/dataset/dataset.xlsx
2024-06-14 14:11:49,003 - INFO - Using OPC UA Client method to connect DXP Server
2024-06-14 14:11:49,029 - INFO - Opening excel file in svcEngine/bin/dataset/dataset.xlsx
2024-06-14 14:11:49,069 - INFO - Using OPC UA Client method to connect DXP Server
2024-06-14 14:11:49,097 - INFO - Opening excel file in svcEngine/bin/dataset/dataset.xlsx
2024-06-14 14:11:49,137 - INFO - Using OPC UA Client method to connect DXP Server
2024-06-14 14:11:49,162 - INFO - Opening excel file in svcEngine/bin/dataset/dataset.xlsx
2024-06-14 14:11:49,221 - INFO - Using OPC UA Client method to connect DXP Server
2024-06-14 14:11:49,248 - INFO - Opening excel file in svcEngine/bin/dataset/dataset.xlsx
2024-06-14 14:11:49,286 - INFO - Using OPC UA Client method to connect DXP Server
2024-06-14 14:11:49,313 - INFO - Opening excel file in svcEngine/bin/dataset/dataset.xlsx
2024-06-14 14:11:49,350 - INFO - Using OPC UA Client method to connect DXP Server
2024-06-14 14:11:49,378 - INFO - Opening excel file in svcEngine/bin/dataset/dataset.xlsx
2024-06-14 14:11:49,422 - INFO - Using OPC UA Client method to connect DXP Server
2024-06-14 14:11:49,450 - INFO - Opening excel file in svcEngine/bin/dataset/dataset.xlsx
2024-06-14 14:11:49,489 - INFO - Using OPC UA Client method to connect DXP Server
2024-06-14 14:11:49,516 - INFO - Opening excel file in svcEngine/bin/dataset/dataset.xlsx
2024-06-14 14:11:49,527 - INFO - Disconnect OPC UA Server opc.tcp://10.64.70.121:52240
2024-06-14 14:11:49,731 - ERROR - Error while disconnecting: Event loop is closed
2024-06-14 14:13:29,077 - INFO - Connecting to OPC UA Server with url opc.tcp://10.64.70.121:52240
2024-06-14 14:13:29,098 - INFO - Connection successfully to OPC UA Server with url opc.tcp://10.64.70.121:52240
2024-06-14 14:13:29,177 - INFO - Connecting to MS SQL Server database with IP:10.64.70.121, Database name:DB_Shellbody2, UName:admin40, DB Dict:True
2024-06-14 14:13:29,178 - INFO - Total execution time connection 3436698418.256312
2024-06-14 14:13:29,220 - INFO - Import node id from excel file successfully, dir svcEngine/bin/dataset/dataset.xlsx, total node id 293
2024-06-14 14:13:29,220 - INFO - Creating subscription for datachange
2024-06-14 14:13:29,221 - INFO - Create subscription with execution time 100
2024-06-14 14:13:29,226 - INFO - Total time for create subscribe 3436698418.4473934
2024-06-14 14:13:29,227 - INFO - Getting node information from server
2024-06-14 14:13:29,259 - INFO - Starting subscribing each node to server!
2024-06-14 14:13:29,348 - INFO - Opening excel file in svcEngine/bin/dataset/dataset.xlsx
2024-06-14 14:13:29,424 - INFO - Using OPC UA Client method to connect DXP Server
2024-06-14 14:13:29,457 - INFO - Opening excel file in svcEngine/bin/dataset/dataset.xlsx
2024-06-14 14:13:29,505 - INFO - Using OPC UA Client method to connect DXP Server
2024-06-14 14:13:29,531 - INFO - Opening excel file in svcEngine/bin/dataset/dataset.xlsx
2024-06-14 14:13:29,575 - INFO - Using OPC UA Client method to connect DXP Server
2024-06-14 14:13:29,597 - INFO - Opening excel file in svcEngine/bin/dataset/dataset.xlsx
2024-06-14 14:13:29,637 - INFO - Using OPC UA Client method to connect DXP Server
2024-06-14 14:13:29,659 - INFO - Opening excel file in svcEngine/bin/dataset/dataset.xlsx
2024-06-14 14:13:29,703 - INFO - Using OPC UA Client method to connect DXP Server
2024-06-14 14:13:29,731 - INFO - Opening excel file in svcEngine/bin/dataset/dataset.xlsx
2024-06-14 14:13:29,775 - INFO - Using OPC UA Client method to connect DXP Server
2024-06-14 14:13:29,799 - INFO - Opening excel file in svcEngine/bin/dataset/dataset.xlsx
2024-06-14 14:13:29,841 - INFO - Using OPC UA Client method to connect DXP Server
2024-06-14 14:13:29,864 - INFO - Opening excel file in svcEngine/bin/dataset/dataset.xlsx
2024-06-14 14:13:29,906 - INFO - Using OPC UA Client method to connect DXP Server
2024-06-14 14:13:29,930 - INFO - Opening excel file in svcEngine/bin/dataset/dataset.xlsx
2024-06-14 14:13:29,975 - INFO - Using OPC UA Client method to connect DXP Server
2024-06-14 14:13:29,998 - INFO - Opening excel file in svcEngine/bin/dataset/dataset.xlsx
2024-06-14 14:13:30,039 - INFO - Using OPC UA Client method to connect DXP Server
2024-06-14 14:13:30,062 - INFO - Opening excel file in svcEngine/bin/dataset/dataset.xlsx
2024-06-14 14:13:30,099 - INFO - Using OPC UA Client method to connect DXP Server
2024-06-14 14:13:30,123 - INFO - Opening excel file in svcEngine/bin/dataset/dataset.xlsx
2024-06-14 14:13:30,161 - INFO - Using OPC UA Client method to connect DXP Server
2024-06-14 14:13:30,184 - INFO - Opening excel file in svcEngine/bin/dataset/dataset.xlsx
2024-06-14 14:13:30,222 - INFO - Using OPC UA Client method to connect DXP Server
2024-06-14 14:13:30,245 - INFO - Opening excel file in svcEngine/bin/dataset/dataset.xlsx
2024-06-14 14:13:30,281 - INFO - Using OPC UA Client method to connect DXP Server
2024-06-14 14:13:30,305 - INFO - Opening excel file in svcEngine/bin/dataset/dataset.xlsx
2024-06-14 14:13:30,344 - INFO - Using OPC UA Client method to connect DXP Server
2024-06-14 14:13:30,370 - INFO - Opening excel file in svcEngine/bin/dataset/dataset.xlsx
2024-06-14 14:13:30,410 - INFO - Using OPC UA Client method to connect DXP Server
2024-06-14 14:13:30,431 - INFO - Opening excel file in svcEngine/bin/dataset/dataset.xlsx
2024-06-14 14:13:30,469 - INFO - Using OPC UA Client method to connect DXP Server
2024-06-14 14:13:30,494 - INFO - Opening excel file in svcEngine/bin/dataset/dataset.xlsx
2024-06-14 14:13:30,534 - INFO - Using OPC UA Client method to connect DXP Server
2024-06-14 14:13:30,560 - INFO - Opening excel file in svcEngine/bin/dataset/dataset.xlsx
2024-06-14 14:13:30,607 - INFO - Using OPC UA Client method to connect DXP Server
2024-06-14 14:13:30,636 - INFO - Opening excel file in svcEngine/bin/dataset/dataset.xlsx
2024-06-14 14:13:30,678 - INFO - Using OPC UA Client method to connect DXP Server
2024-06-14 14:13:30,701 - INFO - Opening excel file in svcEngine/bin/dataset/dataset.xlsx
2024-06-14 14:13:30,751 - INFO - Using OPC UA Client method to connect DXP Server
2024-06-14 14:13:30,771 - INFO - Opening excel file in svcEngine/bin/dataset/dataset.xlsx
2024-06-14 14:13:30,811 - INFO - Using OPC UA Client method to connect DXP Server
2024-06-14 14:13:30,834 - INFO - Opening excel file in svcEngine/bin/dataset/dataset.xlsx
2024-06-14 14:13:30,874 - INFO - Using OPC UA Client method to connect DXP Server
2024-06-14 14:13:30,896 - INFO - Opening excel file in svcEngine/bin/dataset/dataset.xlsx
2024-06-14 14:13:30,940 - INFO - Using OPC UA Client method to connect DXP Server
2024-06-14 14:13:30,962 - INFO - Opening excel file in svcEngine/bin/dataset/dataset.xlsx
2024-06-14 14:13:31,000 - INFO - Using OPC UA Client method to connect DXP Server
2024-06-14 14:13:31,021 - INFO - Opening excel file in svcEngine/bin/dataset/dataset.xlsx
2024-06-14 14:13:31,064 - INFO - Using OPC UA Client method to connect DXP Server
2024-06-14 14:13:31,083 - INFO - Opening excel file in svcEngine/bin/dataset/dataset.xlsx
2024-06-14 14:13:31,124 - INFO - Using OPC UA Client method to connect DXP Server
2024-06-14 14:13:31,171 - INFO - Opening excel file in svcEngine/bin/dataset/dataset.xlsx
2024-06-14 14:13:31,211 - INFO - Using OPC UA Client method to connect DXP Server
2024-06-14 14:13:31,233 - INFO - Opening excel file in svcEngine/bin/dataset/dataset.xlsx
2024-06-14 14:13:31,273 - INFO - Using OPC UA Client method to connect DXP Server
2024-06-14 14:13:31,295 - INFO - Opening excel file in svcEngine/bin/dataset/dataset.xlsx
2024-06-14 14:13:31,332 - INFO - Using OPC UA Client method to connect DXP Server
2024-06-14 14:13:31,355 - INFO - Opening excel file in svcEngine/bin/dataset/dataset.xlsx
2024-06-14 14:13:31,397 - INFO - Using OPC UA Client method to connect DXP Server
2024-06-14 14:13:31,420 - INFO - Opening excel file in svcEngine/bin/dataset/dataset.xlsx
2024-06-14 14:13:31,460 - INFO - Using OPC UA Client method to connect DXP Server
2024-06-14 14:13:31,480 - INFO - Opening excel file in svcEngine/bin/dataset/dataset.xlsx
2024-06-14 14:13:31,519 - INFO - Using OPC UA Client method to connect DXP Server
2024-06-14 14:13:31,543 - INFO - Opening excel file in svcEngine/bin/dataset/dataset.xlsx
2024-06-14 14:13:31,609 - INFO - Using OPC UA Client method to connect DXP Server
2024-06-14 14:13:31,631 - INFO - Opening excel file in svcEngine/bin/dataset/dataset.xlsx
2024-06-14 14:13:31,668 - INFO - Using OPC UA Client method to connect DXP Server
2024-06-14 14:13:31,690 - INFO - Disconnect OPC UA Server opc.tcp://10.64.70.121:52240
2024-06-14 14:13:31,776 - ERROR - Error while disconnecting: Event loop is closed
2024-06-14 14:15:01,469 - INFO - Connecting to OPC UA Server with url opc.tcp://10.64.70.121:52240
2024-06-14 14:15:01,519 - INFO - Connection successfully to OPC UA Server with url opc.tcp://10.64.70.121:52240
2024-06-14 14:15:01,759 - INFO - Connecting to MS SQL Server database with IP:10.64.70.121, Database name:DB_Shellbody2, UName:admin40, DB Dict:True
2024-06-14 14:15:01,760 - INFO - Total execution time connection 3436698603.2295156
2024-06-14 14:15:01,798 - INFO - Import node id from excel file successfully, dir svcEngine/bin/dataset/dataset.xlsx, total node id 293
2024-06-14 14:15:01,799 - INFO - Creating subscription for datachange
2024-06-14 14:15:01,799 - INFO - Create subscription with execution time 100
2024-06-14 14:15:01,833 - INFO - Total time for create subscribe 3436698603.631939
2024-06-14 14:15:01,833 - INFO - Getting node information from server
2024-06-14 14:15:01,871 - INFO - Starting subscribing each node to server!
2024-06-14 14:15:01,928 - INFO - Opening excel file in svcEngine/bin/dataset/dataset.xlsx
2024-06-14 14:15:01,997 - INFO - Using OPC UA Client method to connect DXP Server
2024-06-14 14:15:02,061 - INFO - Opening excel file in svcEngine/bin/dataset/dataset.xlsx
2024-06-14 14:15:02,105 - INFO - Using OPC UA Client method to connect DXP Server
2024-06-14 14:15:02,147 - INFO - Opening excel file in svcEngine/bin/dataset/dataset.xlsx
2024-06-14 14:15:02,189 - INFO - Using OPC UA Client method to connect DXP Server
2024-06-14 14:15:02,233 - INFO - Opening excel file in svcEngine/bin/dataset/dataset.xlsx
2024-06-14 14:15:02,271 - INFO - Using OPC UA Client method to connect DXP Server
2024-06-14 14:15:02,314 - INFO - Opening excel file in svcEngine/bin/dataset/dataset.xlsx
2024-06-14 14:15:02,351 - INFO - Using OPC UA Client method to connect DXP Server
2024-06-14 14:15:02,393 - INFO - Opening excel file in svcEngine/bin/dataset/dataset.xlsx
2024-06-14 14:15:02,433 - INFO - Using OPC UA Client method to connect DXP Server
2024-06-14 14:15:02,498 - INFO - Opening excel file in svcEngine/bin/dataset/dataset.xlsx
2024-06-14 14:15:02,551 - INFO - Using OPC UA Client method to connect DXP Server
2024-06-14 14:15:02,612 - INFO - Opening excel file in svcEngine/bin/dataset/dataset.xlsx
2024-06-14 14:15:02,671 - INFO - Using OPC UA Client method to connect DXP Server
2024-06-14 14:15:02,722 - INFO - Opening excel file in svcEngine/bin/dataset/dataset.xlsx
2024-06-14 14:15:02,793 - INFO - Using OPC UA Client method to connect DXP Server
2024-06-14 14:15:02,840 - INFO - Opening excel file in svcEngine/bin/dataset/dataset.xlsx
2024-06-14 14:15:02,899 - INFO - Using OPC UA Client method to connect DXP Server
2024-06-14 14:15:02,939 - INFO - Opening excel file in svcEngine/bin/dataset/dataset.xlsx
2024-06-14 14:15:02,983 - INFO - Disconnect OPC UA Server opc.tcp://10.64.70.121:52240
2024-06-14 14:15:03,126 - ERROR - Error while disconnecting: Event loop is closed
2024-06-14 14:15:49,013 - INFO - Connecting to OPC UA Server with url opc.tcp://10.64.70.121:52240
2024-06-14 14:15:49,029 - INFO - Connection successfully to OPC UA Server with url opc.tcp://10.64.70.121:52240
2024-06-14 14:15:49,107 - INFO - Connecting to MS SQL Server database with IP:10.64.70.121, Database name:DB_Shellbody2, UName:admin40, DB Dict:True
2024-06-14 14:15:49,108 - INFO - Total execution time connection 3436698698.1210012
2024-06-14 14:15:49,149 - INFO - Import node id from excel file successfully, dir svcEngine/bin/dataset/dataset.xlsx, total node id 293
2024-06-14 14:15:49,150 - INFO - Creating subscription for datachange
2024-06-14 14:15:49,150 - INFO - Create subscription with execution time 100
2024-06-14 14:15:49,155 - INFO - Total time for create subscribe 3436698698.3049126
2024-06-14 14:15:49,155 - INFO - Getting node information from server
2024-06-14 14:15:49,184 - INFO - Starting subscribing each node to server!
2024-06-14 14:15:49,263 - INFO - Opening excel file in svcEngine/bin/dataset/dataset.xlsx
2024-06-14 14:15:49,334 - INFO - Opening excel file in svcEngine/bin/dataset/dataset.xlsx
2024-06-14 14:15:49,378 - INFO - Opening excel file in svcEngine/bin/dataset/dataset.xlsx
2024-06-14 14:15:49,420 - INFO - Opening excel file in svcEngine/bin/dataset/dataset.xlsx
2024-06-14 14:15:49,463 - INFO - Opening excel file in svcEngine/bin/dataset/dataset.xlsx
2024-06-14 14:15:49,501 - INFO - Opening excel file in svcEngine/bin/dataset/dataset.xlsx
2024-06-14 14:15:49,542 - INFO - Opening excel file in svcEngine/bin/dataset/dataset.xlsx
2024-06-14 14:15:49,591 - INFO - Opening excel file in svcEngine/bin/dataset/dataset.xlsx
2024-06-14 14:15:49,632 - INFO - Opening excel file in svcEngine/bin/dataset/dataset.xlsx
2024-06-14 14:15:49,670 - INFO - Opening excel file in svcEngine/bin/dataset/dataset.xlsx
2024-06-14 14:15:49,713 - INFO - Opening excel file in svcEngine/bin/dataset/dataset.xlsx
2024-06-14 14:15:49,753 - INFO - Opening excel file in svcEngine/bin/dataset/dataset.xlsx
2024-06-14 14:15:49,793 - INFO - Opening excel file in svcEngine/bin/dataset/dataset.xlsx
2024-06-14 14:15:49,843 - INFO - Opening excel file in svcEngine/bin/dataset/dataset.xlsx
2024-06-14 14:15:49,883 - INFO - Opening excel file in svcEngine/bin/dataset/dataset.xlsx
2024-06-14 14:15:49,921 - INFO - Opening excel file in svcEngine/bin/dataset/dataset.xlsx
2024-06-14 14:15:49,961 - INFO - Opening excel file in svcEngine/bin/dataset/dataset.xlsx
2024-06-14 14:15:50,001 - INFO - Opening excel file in svcEngine/bin/dataset/dataset.xlsx
2024-06-14 14:15:50,040 - INFO - Opening excel file in svcEngine/bin/dataset/dataset.xlsx
2024-06-14 14:15:50,079 - INFO - Opening excel file in svcEngine/bin/dataset/dataset.xlsx
2024-06-14 14:15:50,134 - INFO - Opening excel file in svcEngine/bin/dataset/dataset.xlsx
2024-06-14 14:15:50,192 - INFO - Opening excel file in svcEngine/bin/dataset/dataset.xlsx
2024-06-14 14:15:50,241 - INFO - Opening excel file in svcEngine/bin/dataset/dataset.xlsx
2024-06-14 14:15:50,286 - INFO - Opening excel file in svcEngine/bin/dataset/dataset.xlsx
2024-06-14 14:15:50,330 - INFO - Opening excel file in svcEngine/bin/dataset/dataset.xlsx
2024-06-14 14:15:50,379 - INFO - Opening excel file in svcEngine/bin/dataset/dataset.xlsx
2024-06-14 14:15:50,421 - INFO - Opening excel file in svcEngine/bin/dataset/dataset.xlsx
2024-06-14 14:15:50,467 - INFO - Opening excel file in svcEngine/bin/dataset/dataset.xlsx
2024-06-14 14:15:50,509 - INFO - Opening excel file in svcEngine/bin/dataset/dataset.xlsx
2024-06-14 14:15:50,561 - INFO - Opening excel file in svcEngine/bin/dataset/dataset.xlsx
2024-06-14 14:15:50,605 - INFO - Opening excel file in svcEngine/bin/dataset/dataset.xlsx
2024-06-14 14:15:50,650 - INFO - Opening excel file in svcEngine/bin/dataset/dataset.xlsx
2024-06-14 14:15:50,695 - INFO - Opening excel file in svcEngine/bin/dataset/dataset.xlsx
2024-06-14 14:15:50,739 - INFO - Opening excel file in svcEngine/bin/dataset/dataset.xlsx
2024-06-14 14:15:50,811 - INFO - Opening excel file in svcEngine/bin/dataset/dataset.xlsx
2024-06-14 14:15:50,854 - INFO - Opening excel file in svcEngine/bin/dataset/dataset.xlsx
2024-06-14 14:15:50,897 - INFO - Opening excel file in svcEngine/bin/dataset/dataset.xlsx
2024-06-14 14:15:50,941 - INFO - Opening excel file in svcEngine/bin/dataset/dataset.xlsx
2024-06-14 14:15:50,984 - INFO - Opening excel file in svcEngine/bin/dataset/dataset.xlsx
2024-06-14 14:15:51,050 - INFO - Opening excel file in svcEngine/bin/dataset/dataset.xlsx
2024-06-14 14:15:51,096 - INFO - Opening excel file in svcEngine/bin/dataset/dataset.xlsx
2024-06-14 14:15:51,144 - INFO - Opening excel file in svcEngine/bin/dataset/dataset.xlsx
2024-06-14 14:15:51,189 - INFO - Opening excel file in svcEngine/bin/dataset/dataset.xlsx
2024-06-14 14:15:51,231 - INFO - Opening excel file in svcEngine/bin/dataset/dataset.xlsx
2024-06-14 14:15:51,279 - INFO - Opening excel file in svcEngine/bin/dataset/dataset.xlsx
2024-06-14 14:15:51,319 - INFO - Opening excel file in svcEngine/bin/dataset/dataset.xlsx
2024-06-14 14:15:51,364 - INFO - Opening excel file in svcEngine/bin/dataset/dataset.xlsx
2024-06-14 14:15:51,408 - INFO - Opening excel file in svcEngine/bin/dataset/dataset.xlsx
2024-06-14 14:15:51,464 - INFO - Opening excel file in svcEngine/bin/dataset/dataset.xlsx
2024-06-14 14:15:51,508 - INFO - Opening excel file in svcEngine/bin/dataset/dataset.xlsx
2024-06-14 14:15:51,555 - INFO - Opening excel file in svcEngine/bin/dataset/dataset.xlsx
2024-06-14 14:15:51,597 - INFO - Opening excel file in svcEngine/bin/dataset/dataset.xlsx
2024-06-14 14:15:51,644 - INFO - Opening excel file in svcEngine/bin/dataset/dataset.xlsx
2024-06-14 14:15:51,686 - INFO - Opening excel file in svcEngine/bin/dataset/dataset.xlsx
2024-06-14 14:15:51,729 - INFO - Opening excel file in svcEngine/bin/dataset/dataset.xlsx
2024-06-14 14:15:51,810 - INFO - Opening excel file in svcEngine/bin/dataset/dataset.xlsx
2024-06-14 14:15:51,880 - INFO - Opening excel file in svcEngine/bin/dataset/dataset.xlsx
2024-06-14 14:15:51,939 - INFO - Opening excel file in svcEngine/bin/dataset/dataset.xlsx
2024-06-14 14:15:51,984 - INFO - Opening excel file in svcEngine/bin/dataset/dataset.xlsx
2024-06-14 14:15:52,030 - INFO - Opening excel file in svcEngine/bin/dataset/dataset.xlsx
2024-06-14 14:15:52,071 - INFO - Opening excel file in svcEngine/bin/dataset/dataset.xlsx
2024-06-14 14:15:52,116 - INFO - Opening excel file in svcEngine/bin/dataset/dataset.xlsx
2024-06-14 14:15:52,163 - INFO - Opening excel file in svcEngine/bin/dataset/dataset.xlsx
2024-06-14 14:15:52,220 - INFO - Opening excel file in svcEngine/bin/dataset/dataset.xlsx
2024-06-14 14:15:52,266 - INFO - Opening excel file in svcEngine/bin/dataset/dataset.xlsx
2024-06-14 14:15:52,312 - INFO - Opening excel file in svcEngine/bin/dataset/dataset.xlsx
2024-06-14 14:15:52,355 - INFO - Opening excel file in svcEngine/bin/dataset/dataset.xlsx
2024-06-14 14:15:52,428 - INFO - Opening excel file in svcEngine/bin/dataset/dataset.xlsx
2024-06-14 14:15:52,473 - INFO - Opening excel file in svcEngine/bin/dataset/dataset.xlsx
2024-06-14 14:15:52,518 - INFO - Opening excel file in svcEngine/bin/dataset/dataset.xlsx
2024-06-14 14:15:52,566 - INFO - Opening excel file in svcEngine/bin/dataset/dataset.xlsx
2024-06-14 14:15:52,609 - INFO - Opening excel file in svcEngine/bin/dataset/dataset.xlsx
2024-06-14 14:15:52,651 - INFO - Opening excel file in svcEngine/bin/dataset/dataset.xlsx
2024-06-14 14:15:52,706 - INFO - Opening excel file in svcEngine/bin/dataset/dataset.xlsx
2024-06-14 14:15:52,754 - INFO - Opening excel file in svcEngine/bin/dataset/dataset.xlsx
2024-06-14 14:15:52,758 - INFO - Disconnect OPC UA Server opc.tcp://10.64.70.121:52240
2024-06-14 14:15:52,884 - ERROR - Error while disconnecting: Event loop is closed
