2024-08-21 14:25:02,998 - INFO - Connecting to OPC UA Server with url opc.tcp://10.64.70.121:52240
2024-08-21 14:25:03,020 - INFO - Connection successfully to OPC UA Server with url opc.tcp://10.64.70.121:52240
2024-08-21 14:25:03,021 - INFO - Total execution time connection 3448450206.02135
2024-08-21 14:25:03,033 - INFO - Import node id from excel file successfully, dir svcEngine/bin/dataset/dataset.xlsx, total node id 2
2024-08-21 14:25:03,033 - INFO - Creating subscription for datachange
2024-08-21 14:25:03,034 - INFO - Create subscription with execution time 500
2024-08-21 14:25:03,037 - INFO - Total time for create subscribe 3448450206.07115
2024-08-21 14:25:03,038 - INFO - Getting node information from server
2024-08-21 14:25:03,042 - INFO - Starting subscribing each node to server!
2024-08-21 14:25:18,843 - INFO - Disconnect OPC UA Server opc.tcp://10.64.70.121:52240
2024-08-21 14:25:37,952 - INFO - Connecting to OPC UA Server with url opc.tcp://10.64.70.121:52240
2024-08-21 14:25:37,980 - INFO - Connection successfully to OPC UA Server with url opc.tcp://10.64.70.121:52240
2024-08-21 14:25:37,982 - INFO - Total execution time connection 3448450275.935379
2024-08-21 14:25:37,998 - INFO - Import node id from excel file successfully, dir svcEngine/bin/dataset/dataset.xlsx, total node id 2
2024-08-21 14:25:37,999 - INFO - Creating subscription for datachange
2024-08-21 14:25:38,000 - INFO - Create subscription with execution time 500
2024-08-21 14:25:38,007 - INFO - Total time for create subscribe 3448450276.005707
2024-08-21 14:25:38,008 - INFO - Getting node information from server
2024-08-21 14:25:38,014 - INFO - Starting subscribing each node to server!
2024-08-21 14:25:52,048 - INFO - Disconnect OPC UA Server opc.tcp://10.64.70.121:52240
2024-08-21 14:27:45,784 - INFO - Connecting to OPC UA Server with url opc.tcp://10.64.2.65:49700
2024-08-21 14:27:45,808 - INFO - Connection successfully to OPC UA Server with url opc.tcp://10.64.2.65:49700
2024-08-21 14:27:45,809 - INFO - Total execution time connection 3448450531.594166
2024-08-21 14:27:45,820 - INFO - Import node id from excel file successfully, dir svcEngine/bin/dataset/dataset.xlsx, total node id 2
2024-08-21 14:27:45,820 - INFO - Creating subscription for datachange
2024-08-21 14:27:45,821 - INFO - Create subscription with execution time 500
2024-08-21 14:27:45,826 - INFO - Total time for create subscribe 3448450531.6464963
2024-08-21 14:27:45,826 - INFO - Getting node information from server
2024-08-21 14:27:45,832 - INFO - Starting subscribing each node to server!
2024-08-21 14:27:56,149 - INFO - Disconnect OPC UA Server opc.tcp://10.64.2.65:49700
2024-08-21 14:29:40,295 - INFO - Connecting to OPC UA Server with url opc.tcp://10.64.2.65:49700
2024-08-21 14:29:40,350 - INFO - Connection successfully to OPC UA Server with url opc.tcp://10.64.2.65:49700
2024-08-21 14:29:40,457 - INFO - Connecting to MS SQL Server database with IP:10.64.2.65, Database name:dump_development, UName:w1_trx_dev, DB Dict:True
2024-08-21 14:29:40,458 - INFO - Total execution time connection 3448450760.754571
2024-08-21 14:29:40,471 - INFO - Import node id from excel file successfully, dir svcEngine/bin/dataset/dataset.xlsx, total node id 2
2024-08-21 14:29:40,472 - INFO - Creating subscription for datachange
2024-08-21 14:29:40,473 - INFO - Create subscription with execution time 500
2024-08-21 14:29:40,480 - INFO - Total time for create subscribe 3448450760.951103
2024-08-21 14:29:40,480 - INFO - Getting node information from server
2024-08-21 14:29:40,486 - INFO - Starting subscribing each node to server!
2024-08-21 14:29:40,977 - INFO - Opening excel file in svcEngine/bin/dataset/dataset.xlsx
2024-08-21 14:29:41,003 - INFO - Using OPC UA Client method to connect DXP Server
2024-08-21 14:29:41,005 - INFO - Opening excel file in svcEngine/bin/dataset/dataset.xlsx
2024-08-21 14:29:41,020 - INFO - Using OPC UA Client method to connect DXP Server
2024-08-21 14:29:41,982 - INFO - Opening excel file in svcEngine/bin/dataset/dataset.xlsx
2024-08-21 14:29:41,994 - INFO - Using OPC UA Client method to connect DXP Server
2024-08-21 14:29:43,489 - INFO - Opening excel file in svcEngine/bin/dataset/dataset.xlsx
2024-08-21 14:29:43,504 - INFO - Using OPC UA Client method to connect DXP Server
2024-08-21 14:29:45,014 - INFO - Opening excel file in svcEngine/bin/dataset/dataset.xlsx
2024-08-21 14:29:45,026 - INFO - Using OPC UA Client method to connect DXP Server
2024-08-21 14:29:46,506 - INFO - Opening excel file in svcEngine/bin/dataset/dataset.xlsx
2024-08-21 14:29:46,538 - INFO - Using OPC UA Client method to connect DXP Server
2024-08-21 14:29:48,015 - INFO - Opening excel file in svcEngine/bin/dataset/dataset.xlsx
2024-08-21 14:29:48,023 - INFO - Using OPC UA Client method to connect DXP Server
2024-08-21 14:29:49,522 - INFO - Opening excel file in svcEngine/bin/dataset/dataset.xlsx
2024-08-21 14:29:49,534 - INFO - Using OPC UA Client method to connect DXP Server
2024-08-21 14:29:50,531 - INFO - Opening excel file in svcEngine/bin/dataset/dataset.xlsx
2024-08-21 14:29:50,563 - INFO - Using OPC UA Client method to connect DXP Server
2024-08-21 14:29:52,037 - INFO - Opening excel file in svcEngine/bin/dataset/dataset.xlsx
2024-08-21 14:29:52,049 - INFO - Using OPC UA Client method to connect DXP Server
2024-08-21 14:29:53,546 - INFO - Opening excel file in svcEngine/bin/dataset/dataset.xlsx
2024-08-21 14:29:53,559 - INFO - Using OPC UA Client method to connect DXP Server
2024-08-21 14:29:55,051 - INFO - Opening excel file in svcEngine/bin/dataset/dataset.xlsx
2024-08-21 14:29:55,065 - INFO - Using OPC UA Client method to connect DXP Server
2024-08-21 14:29:56,570 - INFO - Opening excel file in svcEngine/bin/dataset/dataset.xlsx
2024-08-21 14:29:56,585 - INFO - Using OPC UA Client method to connect DXP Server
2024-08-21 14:29:58,078 - INFO - Opening excel file in svcEngine/bin/dataset/dataset.xlsx
2024-08-21 14:29:58,098 - INFO - Using OPC UA Client method to connect DXP Server
2024-08-21 14:29:59,583 - INFO - Opening excel file in svcEngine/bin/dataset/dataset.xlsx
2024-08-21 14:29:59,598 - INFO - Using OPC UA Client method to connect DXP Server
2024-08-21 14:30:01,089 - INFO - Opening excel file in svcEngine/bin/dataset/dataset.xlsx
2024-08-21 14:30:01,103 - INFO - Using OPC UA Client method to connect DXP Server
2024-08-21 14:30:02,647 - INFO - Opening excel file in svcEngine/bin/dataset/dataset.xlsx
2024-08-21 14:30:02,665 - INFO - Using OPC UA Client method to connect DXP Server
2024-08-21 14:30:04,101 - INFO - Opening excel file in svcEngine/bin/dataset/dataset.xlsx
2024-08-21 14:30:04,110 - INFO - Using OPC UA Client method to connect DXP Server
2024-08-21 14:30:05,606 - INFO - Opening excel file in svcEngine/bin/dataset/dataset.xlsx
2024-08-21 14:30:05,623 - INFO - Using OPC UA Client method to connect DXP Server
2024-08-21 14:30:07,119 - INFO - Opening excel file in svcEngine/bin/dataset/dataset.xlsx
2024-08-21 14:30:07,137 - INFO - Using OPC UA Client method to connect DXP Server
2024-08-21 14:30:08,636 - INFO - Opening excel file in svcEngine/bin/dataset/dataset.xlsx
2024-08-21 14:30:08,649 - INFO - Using OPC UA Client method to connect DXP Server
2024-08-21 14:30:09,641 - INFO - Opening excel file in svcEngine/bin/dataset/dataset.xlsx
2024-08-21 14:30:09,655 - INFO - Using OPC UA Client method to connect DXP Server
2024-08-21 14:30:12,157 - INFO - Opening excel file in svcEngine/bin/dataset/dataset.xlsx
2024-08-21 14:30:12,171 - INFO - Using OPC UA Client method to connect DXP Server
2024-08-21 14:30:12,658 - INFO - Opening excel file in svcEngine/bin/dataset/dataset.xlsx
2024-08-21 14:30:12,669 - INFO - Using OPC UA Client method to connect DXP Server
2024-08-21 14:30:13,162 - INFO - Opening excel file in svcEngine/bin/dataset/dataset.xlsx
2024-08-21 14:30:13,194 - INFO - Using OPC UA Client method to connect DXP Server
2024-08-21 14:30:14,666 - INFO - Opening excel file in svcEngine/bin/dataset/dataset.xlsx
2024-08-21 14:30:14,681 - INFO - Using OPC UA Client method to connect DXP Server
2024-08-21 14:30:16,174 - INFO - Opening excel file in svcEngine/bin/dataset/dataset.xlsx
2024-08-21 14:30:16,183 - INFO - Using OPC UA Client method to connect DXP Server
2024-08-21 14:30:17,682 - INFO - Opening excel file in svcEngine/bin/dataset/dataset.xlsx
2024-08-21 14:30:17,694 - INFO - Using OPC UA Client method to connect DXP Server
2024-08-21 14:30:19,236 - INFO - Opening excel file in svcEngine/bin/dataset/dataset.xlsx
2024-08-21 14:30:19,250 - INFO - Using OPC UA Client method to connect DXP Server
2024-08-21 14:30:19,693 - INFO - Opening excel file in svcEngine/bin/dataset/dataset.xlsx
2024-08-21 14:30:19,708 - INFO - Using OPC UA Client method to connect DXP Server
2024-08-21 14:30:20,699 - INFO - Opening excel file in svcEngine/bin/dataset/dataset.xlsx
2024-08-21 14:30:20,713 - INFO - Using OPC UA Client method to connect DXP Server
2024-08-21 14:30:20,852 - INFO - Disconnect OPC UA Server opc.tcp://10.64.2.65:49700
2024-08-21 14:30:45,499 - INFO - Connecting to OPC UA Server with url opc.tcp://10.64.2.65:49700
2024-08-21 14:30:45,570 - INFO - Connection successfully to OPC UA Server with url opc.tcp://10.64.2.65:49700
2024-08-21 14:30:45,680 - INFO - Connecting to MS SQL Server database with IP:10.64.2.65, Database name:dump_development, UName:w1_trx_dev, DB Dict:True
2024-08-21 14:30:45,681 - INFO - Total execution time connection 3448450891.180953
2024-08-21 14:30:45,691 - INFO - Import node id from excel file successfully, dir svcEngine/bin/dataset/dataset.xlsx, total node id 2
2024-08-21 14:30:45,692 - INFO - Creating subscription for datachange
2024-08-21 14:30:45,692 - INFO - Create subscription with execution time 500
2024-08-21 14:30:45,697 - INFO - Total time for create subscribe 3448450891.388795
2024-08-21 14:30:45,698 - INFO - Getting node information from server
2024-08-21 14:30:45,703 - INFO - Starting subscribing each node to server!
2024-08-21 14:30:46,199 - INFO - Opening excel file in svcEngine/bin/dataset/dataset.xlsx
2024-08-21 14:30:46,217 - INFO - Using OPC UA Client method to connect DXP Server
2024-08-21 14:30:46,220 - INFO - Opening excel file in svcEngine/bin/dataset/dataset.xlsx
2024-08-21 14:30:46,232 - INFO - Using OPC UA Client method to connect DXP Server
2024-08-21 14:30:47,203 - INFO - Opening excel file in svcEngine/bin/dataset/dataset.xlsx
2024-08-21 14:30:47,215 - INFO - Using OPC UA Client method to connect DXP Server
2024-08-21 14:30:48,215 - INFO - Opening excel file in svcEngine/bin/dataset/dataset.xlsx
2024-08-21 14:30:48,229 - INFO - Using OPC UA Client method to connect DXP Server
2024-08-21 14:30:49,720 - INFO - Opening excel file in svcEngine/bin/dataset/dataset.xlsx
2024-08-21 14:30:49,734 - INFO - Using OPC UA Client method to connect DXP Server
2024-08-21 14:30:51,222 - INFO - Opening excel file in svcEngine/bin/dataset/dataset.xlsx
2024-08-21 14:30:51,233 - INFO - Using OPC UA Client method to connect DXP Server
2024-08-21 14:30:51,236 - INFO - Opening excel file in svcEngine/bin/dataset/dataset.xlsx
2024-08-21 14:30:51,250 - INFO - Using OPC UA Client method to connect DXP Server
2024-08-21 14:30:53,286 - INFO - Opening excel file in svcEngine/bin/dataset/dataset.xlsx
2024-08-21 14:30:53,303 - INFO - Using OPC UA Client method to connect DXP Server
2024-08-21 14:30:54,772 - INFO - Opening excel file in svcEngine/bin/dataset/dataset.xlsx
2024-08-21 14:30:54,784 - INFO - Using OPC UA Client method to connect DXP Server
2024-08-21 14:30:56,280 - INFO - Opening excel file in svcEngine/bin/dataset/dataset.xlsx
2024-08-21 14:30:56,295 - INFO - Using OPC UA Client method to connect DXP Server
2024-08-21 14:30:57,280 - INFO - Opening excel file in svcEngine/bin/dataset/dataset.xlsx
2024-08-21 14:30:57,296 - INFO - Using OPC UA Client method to connect DXP Server
2024-08-21 14:30:58,819 - INFO - Opening excel file in svcEngine/bin/dataset/dataset.xlsx
2024-08-21 14:30:58,840 - INFO - Using OPC UA Client method to connect DXP Server
2024-08-21 14:31:00,296 - INFO - Opening excel file in svcEngine/bin/dataset/dataset.xlsx
2024-08-21 14:31:00,309 - INFO - Using OPC UA Client method to connect DXP Server
2024-08-21 14:31:01,802 - INFO - Opening excel file in svcEngine/bin/dataset/dataset.xlsx
2024-08-21 14:31:01,814 - INFO - Using OPC UA Client method to connect DXP Server
2024-08-21 14:31:03,311 - INFO - Opening excel file in svcEngine/bin/dataset/dataset.xlsx
2024-08-21 14:31:03,333 - INFO - Using OPC UA Client method to connect DXP Server
2024-08-21 14:31:04,816 - INFO - Opening excel file in svcEngine/bin/dataset/dataset.xlsx
2024-08-21 14:31:04,827 - INFO - Using OPC UA Client method to connect DXP Server
2024-08-21 14:31:05,836 - INFO - Opening excel file in svcEngine/bin/dataset/dataset.xlsx
2024-08-21 14:31:05,848 - INFO - Using OPC UA Client method to connect DXP Server
2024-08-21 14:31:07,324 - INFO - Opening excel file in svcEngine/bin/dataset/dataset.xlsx
2024-08-21 14:31:07,336 - INFO - Using OPC UA Client method to connect DXP Server
2024-08-21 14:31:08,328 - INFO - Opening excel file in svcEngine/bin/dataset/dataset.xlsx
2024-08-21 14:31:08,341 - INFO - Using OPC UA Client method to connect DXP Server
2024-08-21 14:31:09,350 - INFO - Opening excel file in svcEngine/bin/dataset/dataset.xlsx
2024-08-21 14:31:09,366 - INFO - Using OPC UA Client method to connect DXP Server
2024-08-21 14:31:10,342 - INFO - Opening excel file in svcEngine/bin/dataset/dataset.xlsx
2024-08-21 14:31:10,355 - INFO - Using OPC UA Client method to connect DXP Server
2024-08-21 14:31:11,369 - INFO - Opening excel file in svcEngine/bin/dataset/dataset.xlsx
2024-08-21 14:31:11,389 - INFO - Using OPC UA Client method to connect DXP Server
2024-08-21 14:31:12,895 - INFO - Opening excel file in svcEngine/bin/dataset/dataset.xlsx
2024-08-21 14:31:12,910 - INFO - Using OPC UA Client method to connect DXP Server
2024-08-21 14:31:13,371 - INFO - Opening excel file in svcEngine/bin/dataset/dataset.xlsx
2024-08-21 14:31:13,386 - INFO - Using OPC UA Client method to connect DXP Server
2024-08-21 14:31:14,877 - INFO - Opening excel file in svcEngine/bin/dataset/dataset.xlsx
2024-08-21 14:31:14,893 - INFO - Using OPC UA Client method to connect DXP Server
2024-08-21 14:31:15,380 - INFO - Opening excel file in svcEngine/bin/dataset/dataset.xlsx
2024-08-21 14:31:15,395 - INFO - Using OPC UA Client method to connect DXP Server
2024-08-21 14:31:16,886 - INFO - Opening excel file in svcEngine/bin/dataset/dataset.xlsx
2024-08-21 14:31:16,906 - INFO - Using OPC UA Client method to connect DXP Server
2024-08-21 14:31:17,928 - INFO - Opening excel file in svcEngine/bin/dataset/dataset.xlsx
2024-08-21 14:31:17,942 - INFO - Using OPC UA Client method to connect DXP Server
2024-08-21 14:31:18,894 - INFO - Opening excel file in svcEngine/bin/dataset/dataset.xlsx
2024-08-21 14:31:18,910 - INFO - Using OPC UA Client method to connect DXP Server
2024-08-21 14:31:20,420 - INFO - Opening excel file in svcEngine/bin/dataset/dataset.xlsx
2024-08-21 14:31:20,433 - INFO - Using OPC UA Client method to connect DXP Server
2024-08-21 14:31:21,468 - INFO - Opening excel file in svcEngine/bin/dataset/dataset.xlsx
2024-08-21 14:31:21,484 - INFO - Using OPC UA Client method to connect DXP Server
2024-08-21 14:31:21,927 - INFO - Opening excel file in svcEngine/bin/dataset/dataset.xlsx
2024-08-21 14:31:21,944 - INFO - Using OPC UA Client method to connect DXP Server
2024-08-21 14:31:23,436 - INFO - Opening excel file in svcEngine/bin/dataset/dataset.xlsx
2024-08-21 14:31:23,444 - INFO - Using OPC UA Client method to connect DXP Server
2024-08-21 14:31:23,943 - INFO - Opening excel file in svcEngine/bin/dataset/dataset.xlsx
2024-08-21 14:31:23,956 - INFO - Using OPC UA Client method to connect DXP Server
2024-08-21 14:31:25,448 - INFO - Opening excel file in svcEngine/bin/dataset/dataset.xlsx
2024-08-21 14:31:25,463 - INFO - Using OPC UA Client method to connect DXP Server
2024-08-21 14:31:26,956 - INFO - Opening excel file in svcEngine/bin/dataset/dataset.xlsx
2024-08-21 14:31:26,967 - INFO - Using OPC UA Client method to connect DXP Server
2024-08-21 14:31:27,461 - INFO - Opening excel file in svcEngine/bin/dataset/dataset.xlsx
2024-08-21 14:31:27,472 - INFO - Using OPC UA Client method to connect DXP Server
2024-08-21 14:31:29,044 - INFO - Opening excel file in svcEngine/bin/dataset/dataset.xlsx
2024-08-21 14:31:29,065 - INFO - Using OPC UA Client method to connect DXP Server
2024-08-21 14:31:29,524 - INFO - Opening excel file in svcEngine/bin/dataset/dataset.xlsx
2024-08-21 14:31:29,538 - INFO - Using OPC UA Client method to connect DXP Server
2024-08-21 14:31:30,983 - INFO - Opening excel file in svcEngine/bin/dataset/dataset.xlsx
2024-08-21 14:31:30,996 - INFO - Using OPC UA Client method to connect DXP Server
2024-08-21 14:31:32,487 - INFO - Opening excel file in svcEngine/bin/dataset/dataset.xlsx
2024-08-21 14:31:32,510 - INFO - Using OPC UA Client method to connect DXP Server
2024-08-21 14:31:33,002 - INFO - Opening excel file in svcEngine/bin/dataset/dataset.xlsx
2024-08-21 14:31:33,015 - INFO - Using OPC UA Client method to connect DXP Server
2024-08-21 14:31:34,005 - INFO - Opening excel file in svcEngine/bin/dataset/dataset.xlsx
2024-08-21 14:31:34,019 - INFO - Using OPC UA Client method to connect DXP Server
2024-08-21 14:31:35,513 - INFO - Opening excel file in svcEngine/bin/dataset/dataset.xlsx
2024-08-21 14:31:35,526 - INFO - Using OPC UA Client method to connect DXP Server
2024-08-21 14:31:36,015 - INFO - Opening excel file in svcEngine/bin/dataset/dataset.xlsx
2024-08-21 14:31:36,046 - INFO - Using OPC UA Client method to connect DXP Server
2024-08-21 14:31:37,533 - INFO - Opening excel file in svcEngine/bin/dataset/dataset.xlsx
2024-08-21 14:31:37,568 - INFO - Using OPC UA Client method to connect DXP Server
2024-08-21 14:31:38,026 - INFO - Opening excel file in svcEngine/bin/dataset/dataset.xlsx
2024-08-21 14:31:38,076 - INFO - Using OPC UA Client method to connect DXP Server
2024-08-21 14:31:39,536 - INFO - Opening excel file in svcEngine/bin/dataset/dataset.xlsx
2024-08-21 14:31:39,549 - INFO - Using OPC UA Client method to connect DXP Server
2024-08-21 14:31:41,041 - INFO - Opening excel file in svcEngine/bin/dataset/dataset.xlsx
2024-08-21 14:31:41,065 - INFO - Using OPC UA Client method to connect DXP Server
2024-08-21 14:31:42,048 - INFO - Opening excel file in svcEngine/bin/dataset/dataset.xlsx
2024-08-21 14:31:42,064 - INFO - Using OPC UA Client method to connect DXP Server
2024-08-21 14:31:43,562 - INFO - Opening excel file in svcEngine/bin/dataset/dataset.xlsx
2024-08-21 14:31:43,572 - INFO - Using OPC UA Client method to connect DXP Server
2024-08-21 14:31:44,569 - INFO - Opening excel file in svcEngine/bin/dataset/dataset.xlsx
2024-08-21 14:31:44,584 - INFO - Using OPC UA Client method to connect DXP Server
2024-08-21 14:31:45,573 - INFO - Opening excel file in svcEngine/bin/dataset/dataset.xlsx
2024-08-21 14:31:45,583 - INFO - Using OPC UA Client method to connect DXP Server
2024-08-21 14:31:46,077 - INFO - Opening excel file in svcEngine/bin/dataset/dataset.xlsx
2024-08-21 14:31:46,093 - INFO - Using OPC UA Client method to connect DXP Server
2024-08-21 14:31:47,591 - INFO - Opening excel file in svcEngine/bin/dataset/dataset.xlsx
2024-08-21 14:31:47,604 - INFO - Using OPC UA Client method to connect DXP Server
2024-08-21 14:31:48,583 - INFO - Opening excel file in svcEngine/bin/dataset/dataset.xlsx
2024-08-21 14:31:48,597 - INFO - Using OPC UA Client method to connect DXP Server
2024-08-21 14:31:49,587 - INFO - Opening excel file in svcEngine/bin/dataset/dataset.xlsx
2024-08-21 14:31:49,602 - INFO - Using OPC UA Client method to connect DXP Server
2024-08-21 14:31:51,104 - INFO - Opening excel file in svcEngine/bin/dataset/dataset.xlsx
2024-08-21 14:31:51,116 - INFO - Using OPC UA Client method to connect DXP Server
2024-08-21 14:31:51,605 - INFO - Opening excel file in svcEngine/bin/dataset/dataset.xlsx
2024-08-21 14:31:51,618 - INFO - Using OPC UA Client method to connect DXP Server
2024-08-21 14:31:53,115 - INFO - Opening excel file in svcEngine/bin/dataset/dataset.xlsx
2024-08-21 14:31:53,133 - INFO - Using OPC UA Client method to connect DXP Server
2024-08-21 14:31:54,616 - INFO - Opening excel file in svcEngine/bin/dataset/dataset.xlsx
2024-08-21 14:31:54,632 - INFO - Using OPC UA Client method to connect DXP Server
2024-08-21 14:31:55,621 - INFO - Opening excel file in svcEngine/bin/dataset/dataset.xlsx
2024-08-21 14:31:55,635 - INFO - Using OPC UA Client method to connect DXP Server
2024-08-21 14:31:57,127 - INFO - Opening excel file in svcEngine/bin/dataset/dataset.xlsx
2024-08-21 14:31:57,148 - INFO - Using OPC UA Client method to connect DXP Server
2024-08-21 14:31:57,630 - INFO - Opening excel file in svcEngine/bin/dataset/dataset.xlsx
2024-08-21 14:31:57,653 - INFO - Using OPC UA Client method to connect DXP Server
2024-08-21 14:31:59,135 - INFO - Opening excel file in svcEngine/bin/dataset/dataset.xlsx
2024-08-21 14:31:59,147 - INFO - Using OPC UA Client method to connect DXP Server
2024-08-21 14:32:00,195 - INFO - Opening excel file in svcEngine/bin/dataset/dataset.xlsx
2024-08-21 14:32:00,206 - INFO - Using OPC UA Client method to connect DXP Server
2024-08-21 14:32:01,201 - INFO - Opening excel file in svcEngine/bin/dataset/dataset.xlsx
2024-08-21 14:32:01,214 - INFO - Using OPC UA Client method to connect DXP Server
2024-08-21 14:32:02,661 - INFO - Opening excel file in svcEngine/bin/dataset/dataset.xlsx
2024-08-21 14:32:02,675 - INFO - Using OPC UA Client method to connect DXP Server
2024-08-21 14:32:04,176 - INFO - Opening excel file in svcEngine/bin/dataset/dataset.xlsx
2024-08-21 14:32:04,189 - INFO - Using OPC UA Client method to connect DXP Server
2024-08-21 14:32:04,682 - INFO - Opening excel file in svcEngine/bin/dataset/dataset.xlsx
2024-08-21 14:32:04,700 - INFO - Using OPC UA Client method to connect DXP Server
2024-08-21 14:32:06,185 - INFO - Opening excel file in svcEngine/bin/dataset/dataset.xlsx
2024-08-21 14:32:06,201 - INFO - Using OPC UA Client method to connect DXP Server
2024-08-21 14:32:06,686 - INFO - Opening excel file in svcEngine/bin/dataset/dataset.xlsx
2024-08-21 14:32:06,701 - INFO - Using OPC UA Client method to connect DXP Server
2024-08-21 14:32:08,207 - INFO - Opening excel file in svcEngine/bin/dataset/dataset.xlsx
2024-08-21 14:32:08,223 - INFO - Using OPC UA Client method to connect DXP Server
2024-08-21 14:32:09,704 - INFO - Opening excel file in svcEngine/bin/dataset/dataset.xlsx
2024-08-21 14:32:09,723 - INFO - Using OPC UA Client method to connect DXP Server
2024-08-21 14:32:20,303 - INFO - Opening excel file in svcEngine/bin/dataset/dataset.xlsx
2024-08-21 14:32:20,319 - INFO - Using OPC UA Client method to connect DXP Server
2024-08-21 14:32:23,853 - INFO - Opening excel file in svcEngine/bin/dataset/dataset.xlsx
2024-08-21 14:32:23,866 - INFO - Using OPC UA Client method to connect DXP Server
2024-08-21 14:32:25,356 - INFO - Opening excel file in svcEngine/bin/dataset/dataset.xlsx
2024-08-21 14:32:25,370 - INFO - Using OPC UA Client method to connect DXP Server
2024-08-21 14:32:26,871 - INFO - Opening excel file in svcEngine/bin/dataset/dataset.xlsx
2024-08-21 14:32:26,885 - INFO - Using OPC UA Client method to connect DXP Server
2024-08-21 14:32:27,371 - INFO - Opening excel file in svcEngine/bin/dataset/dataset.xlsx
2024-08-21 14:32:27,384 - INFO - Using OPC UA Client method to connect DXP Server
2024-08-21 14:32:28,891 - INFO - Opening excel file in svcEngine/bin/dataset/dataset.xlsx
2024-08-21 14:32:28,905 - INFO - Using OPC UA Client method to connect DXP Server
2024-08-21 14:32:29,382 - INFO - Opening excel file in svcEngine/bin/dataset/dataset.xlsx
2024-08-21 14:32:29,401 - INFO - Using OPC UA Client method to connect DXP Server
2024-08-21 14:32:30,899 - INFO - Opening excel file in svcEngine/bin/dataset/dataset.xlsx
2024-08-21 14:32:30,914 - INFO - Using OPC UA Client method to connect DXP Server
2024-08-21 14:32:32,414 - INFO - Opening excel file in svcEngine/bin/dataset/dataset.xlsx
2024-08-21 14:32:32,447 - INFO - Using OPC UA Client method to connect DXP Server
2024-08-21 14:32:33,425 - INFO - Opening excel file in svcEngine/bin/dataset/dataset.xlsx
2024-08-21 14:32:33,438 - INFO - Using OPC UA Client method to connect DXP Server
2024-08-21 14:32:34,942 - INFO - Opening excel file in svcEngine/bin/dataset/dataset.xlsx
2024-08-21 14:32:34,954 - INFO - Using OPC UA Client method to connect DXP Server
2024-08-21 14:32:35,449 - INFO - Opening excel file in svcEngine/bin/dataset/dataset.xlsx
2024-08-21 14:32:35,468 - INFO - Using OPC UA Client method to connect DXP Server
2024-08-21 14:32:44,039 - INFO - Opening excel file in svcEngine/bin/dataset/dataset.xlsx
2024-08-21 14:32:44,057 - INFO - Using OPC UA Client method to connect DXP Server
2024-08-21 14:32:48,571 - INFO - Opening excel file in svcEngine/bin/dataset/dataset.xlsx
2024-08-21 14:32:48,613 - INFO - Using OPC UA Client method to connect DXP Server
2024-08-21 14:32:49,625 - INFO - Opening excel file in svcEngine/bin/dataset/dataset.xlsx
2024-08-21 14:32:49,641 - INFO - Using OPC UA Client method to connect DXP Server
2024-08-21 14:32:50,578 - INFO - Opening excel file in svcEngine/bin/dataset/dataset.xlsx
2024-08-21 14:32:50,593 - INFO - Using OPC UA Client method to connect DXP Server
2024-08-21 14:32:51,590 - INFO - Opening excel file in svcEngine/bin/dataset/dataset.xlsx
2024-08-21 14:32:51,605 - INFO - Using OPC UA Client method to connect DXP Server
2024-08-21 14:32:52,603 - INFO - Opening excel file in svcEngine/bin/dataset/dataset.xlsx
2024-08-21 14:32:52,614 - INFO - Using OPC UA Client method to connect DXP Server
2024-08-21 14:32:53,613 - INFO - Opening excel file in svcEngine/bin/dataset/dataset.xlsx
2024-08-21 14:32:53,621 - INFO - Using OPC UA Client method to connect DXP Server
2024-08-21 14:32:55,119 - INFO - Opening excel file in svcEngine/bin/dataset/dataset.xlsx
2024-08-21 14:32:55,126 - INFO - Using OPC UA Client method to connect DXP Server
2024-08-21 14:32:55,626 - INFO - Opening excel file in svcEngine/bin/dataset/dataset.xlsx
2024-08-21 14:32:55,634 - INFO - Using OPC UA Client method to connect DXP Server
2024-08-21 14:32:57,197 - INFO - Opening excel file in svcEngine/bin/dataset/dataset.xlsx
2024-08-21 14:32:57,208 - INFO - Using OPC UA Client method to connect DXP Server
2024-08-21 14:32:58,659 - INFO - Opening excel file in svcEngine/bin/dataset/dataset.xlsx
2024-08-21 14:32:58,668 - INFO - Using OPC UA Client method to connect DXP Server
2024-08-21 14:32:59,159 - INFO - Opening excel file in svcEngine/bin/dataset/dataset.xlsx
2024-08-21 14:32:59,169 - INFO - Using OPC UA Client method to connect DXP Server
2024-08-21 14:33:00,675 - INFO - Opening excel file in svcEngine/bin/dataset/dataset.xlsx
2024-08-21 14:33:00,689 - INFO - Using OPC UA Client method to connect DXP Server
2024-08-21 14:33:01,175 - INFO - Opening excel file in svcEngine/bin/dataset/dataset.xlsx
2024-08-21 14:33:01,184 - INFO - Using OPC UA Client method to connect DXP Server
2024-08-21 14:33:02,720 - INFO - Opening excel file in svcEngine/bin/dataset/dataset.xlsx
2024-08-21 14:33:02,729 - INFO - Using OPC UA Client method to connect DXP Server
2024-08-21 14:33:04,217 - INFO - Opening excel file in svcEngine/bin/dataset/dataset.xlsx
2024-08-21 14:33:04,226 - INFO - Using OPC UA Client method to connect DXP Server
2024-08-21 14:33:05,224 - INFO - Opening excel file in svcEngine/bin/dataset/dataset.xlsx
2024-08-21 14:33:05,234 - INFO - Using OPC UA Client method to connect DXP Server
2024-08-21 14:33:06,734 - INFO - Opening excel file in svcEngine/bin/dataset/dataset.xlsx
2024-08-21 14:33:06,743 - INFO - Using OPC UA Client method to connect DXP Server
2024-08-21 14:33:07,240 - INFO - Opening excel file in svcEngine/bin/dataset/dataset.xlsx
2024-08-21 14:33:07,249 - INFO - Using OPC UA Client method to connect DXP Server
2024-08-21 14:33:08,765 - INFO - Opening excel file in svcEngine/bin/dataset/dataset.xlsx
2024-08-21 14:33:08,781 - INFO - Using OPC UA Client method to connect DXP Server
2024-08-21 14:33:09,793 - INFO - Opening excel file in svcEngine/bin/dataset/dataset.xlsx
2024-08-21 14:33:09,810 - INFO - Using OPC UA Client method to connect DXP Server
2024-08-21 14:33:10,308 - INFO - Opening excel file in svcEngine/bin/dataset/dataset.xlsx
2024-08-21 14:33:10,324 - INFO - Using OPC UA Client method to connect DXP Server
2024-08-21 14:33:11,797 - INFO - Opening excel file in svcEngine/bin/dataset/dataset.xlsx
2024-08-21 14:33:11,809 - INFO - Using OPC UA Client method to connect DXP Server
2024-08-21 14:33:12,300 - INFO - Opening excel file in svcEngine/bin/dataset/dataset.xlsx
2024-08-21 14:33:12,310 - INFO - Using OPC UA Client method to connect DXP Server
2024-08-21 14:33:13,809 - INFO - Opening excel file in svcEngine/bin/dataset/dataset.xlsx
2024-08-21 14:33:13,822 - INFO - Using OPC UA Client method to connect DXP Server
2024-08-21 14:33:14,812 - INFO - Opening excel file in svcEngine/bin/dataset/dataset.xlsx
2024-08-21 14:33:14,826 - INFO - Using OPC UA Client method to connect DXP Server
2024-08-21 14:33:15,817 - INFO - Opening excel file in svcEngine/bin/dataset/dataset.xlsx
2024-08-21 14:33:15,835 - INFO - Using OPC UA Client method to connect DXP Server
2024-08-21 14:33:17,333 - INFO - Opening excel file in svcEngine/bin/dataset/dataset.xlsx
2024-08-21 14:33:17,356 - INFO - Using OPC UA Client method to connect DXP Server
2024-08-21 14:33:18,334 - INFO - Opening excel file in svcEngine/bin/dataset/dataset.xlsx
2024-08-21 14:33:18,346 - INFO - Using OPC UA Client method to connect DXP Server
2024-08-21 14:33:19,339 - INFO - Opening excel file in svcEngine/bin/dataset/dataset.xlsx
2024-08-21 14:33:19,353 - INFO - Using OPC UA Client method to connect DXP Server
2024-08-21 14:33:20,859 - INFO - Opening excel file in svcEngine/bin/dataset/dataset.xlsx
2024-08-21 14:33:20,888 - INFO - Using OPC UA Client method to connect DXP Server
2024-08-21 14:33:21,364 - INFO - Opening excel file in svcEngine/bin/dataset/dataset.xlsx
2024-08-21 14:33:21,379 - INFO - Using OPC UA Client method to connect DXP Server
2024-08-21 14:33:22,885 - INFO - Opening excel file in svcEngine/bin/dataset/dataset.xlsx
2024-08-21 14:33:22,897 - INFO - Using OPC UA Client method to connect DXP Server
2024-08-21 14:33:23,393 - INFO - Opening excel file in svcEngine/bin/dataset/dataset.xlsx
2024-08-21 14:33:23,409 - INFO - Using OPC UA Client method to connect DXP Server
2024-08-21 14:33:24,906 - INFO - Opening excel file in svcEngine/bin/dataset/dataset.xlsx
2024-08-21 14:33:24,918 - INFO - Using OPC UA Client method to connect DXP Server
2024-08-21 14:33:26,423 - INFO - Opening excel file in svcEngine/bin/dataset/dataset.xlsx
2024-08-21 14:33:26,438 - INFO - Using OPC UA Client method to connect DXP Server
2024-08-21 14:33:27,429 - INFO - Opening excel file in svcEngine/bin/dataset/dataset.xlsx
2024-08-21 14:33:27,441 - INFO - Using OPC UA Client method to connect DXP Server
2024-08-21 14:33:28,438 - INFO - Opening excel file in svcEngine/bin/dataset/dataset.xlsx
2024-08-21 14:33:28,451 - INFO - Using OPC UA Client method to connect DXP Server
2024-08-21 14:33:29,952 - INFO - Opening excel file in svcEngine/bin/dataset/dataset.xlsx
2024-08-21 14:33:29,965 - INFO - Using OPC UA Client method to connect DXP Server
2024-08-21 14:33:30,467 - INFO - Opening excel file in svcEngine/bin/dataset/dataset.xlsx
2024-08-21 14:33:30,481 - INFO - Using OPC UA Client method to connect DXP Server
2024-08-21 14:33:31,972 - INFO - Opening excel file in svcEngine/bin/dataset/dataset.xlsx
2024-08-21 14:33:31,986 - INFO - Using OPC UA Client method to connect DXP Server
2024-08-21 14:33:32,983 - INFO - Opening excel file in svcEngine/bin/dataset/dataset.xlsx
2024-08-21 14:33:32,992 - INFO - Using OPC UA Client method to connect DXP Server
2024-08-21 14:33:33,511 - INFO - Opening excel file in svcEngine/bin/dataset/dataset.xlsx
2024-08-21 14:33:33,535 - INFO - Using OPC UA Client method to connect DXP Server
2024-08-21 14:33:34,990 - INFO - Opening excel file in svcEngine/bin/dataset/dataset.xlsx
2024-08-21 14:33:35,024 - INFO - Using OPC UA Client method to connect DXP Server
2024-08-21 14:33:35,495 - INFO - Opening excel file in svcEngine/bin/dataset/dataset.xlsx
2024-08-21 14:33:35,514 - INFO - Using OPC UA Client method to connect DXP Server
2024-08-21 14:33:36,998 - INFO - Opening excel file in svcEngine/bin/dataset/dataset.xlsx
2024-08-21 14:33:37,016 - INFO - Using OPC UA Client method to connect DXP Server
2024-08-21 14:33:38,509 - INFO - Opening excel file in svcEngine/bin/dataset/dataset.xlsx
2024-08-21 14:33:38,524 - INFO - Using OPC UA Client method to connect DXP Server
2024-08-21 14:33:39,518 - INFO - Opening excel file in svcEngine/bin/dataset/dataset.xlsx
2024-08-21 14:33:39,535 - INFO - Using OPC UA Client method to connect DXP Server
2024-08-21 14:33:40,527 - INFO - Opening excel file in svcEngine/bin/dataset/dataset.xlsx
2024-08-21 14:33:40,544 - INFO - Using OPC UA Client method to connect DXP Server
2024-08-21 14:33:42,038 - INFO - Opening excel file in svcEngine/bin/dataset/dataset.xlsx
2024-08-21 14:33:42,051 - INFO - Using OPC UA Client method to connect DXP Server
2024-08-21 14:33:43,554 - INFO - Opening excel file in svcEngine/bin/dataset/dataset.xlsx
2024-08-21 14:33:43,569 - INFO - Using OPC UA Client method to connect DXP Server
2024-08-21 14:33:45,063 - INFO - Opening excel file in svcEngine/bin/dataset/dataset.xlsx
2024-08-21 14:33:45,075 - INFO - Using OPC UA Client method to connect DXP Server
2024-08-21 14:33:46,076 - INFO - Opening excel file in svcEngine/bin/dataset/dataset.xlsx
2024-08-21 14:33:46,089 - INFO - Using OPC UA Client method to connect DXP Server
2024-08-21 14:33:47,595 - INFO - Opening excel file in svcEngine/bin/dataset/dataset.xlsx
2024-08-21 14:33:47,619 - INFO - Using OPC UA Client method to connect DXP Server
2024-08-21 14:33:48,100 - INFO - Opening excel file in svcEngine/bin/dataset/dataset.xlsx
2024-08-21 14:33:48,112 - INFO - Using OPC UA Client method to connect DXP Server
2024-08-21 14:40:32,242 - INFO - Disconnect OPC UA Server opc.tcp://10.64.2.65:49700
2024-08-21 15:17:54,214 - INFO - Connecting to OPC UA Server with url opc.tcp://10.64.2.65:49700
2024-08-21 15:17:54,258 - INFO - Connection successfully to OPC UA Server with url opc.tcp://10.64.2.65:49700
2024-08-21 15:17:54,258 - INFO - Total execution time connection 3448456548.474203
2024-08-21 15:17:54,271 - INFO - Import node id from excel file successfully, dir svcEngine/bin/dataset/dataset.xlsx, total node id 2
2024-08-21 15:17:54,271 - INFO - Creating subscription for datachange
2024-08-21 15:17:54,273 - INFO - Create subscription with execution time 500
2024-08-21 15:17:54,282 - INFO - Total time for create subscribe 3448456548.5535846
2024-08-21 15:17:54,282 - INFO - Getting node information from server
2024-08-21 15:17:54,293 - INFO - Starting subscribing each node to server!
2024-08-21 15:18:01,613 - INFO - Disconnect OPC UA Server opc.tcp://10.64.2.65:49700
2024-08-21 15:33:50,796 - INFO - Connecting to OPC UA Server with url opc.tcp://10.64.2.65:49700
2024-08-21 15:33:50,836 - INFO - Connection successfully to OPC UA Server with url opc.tcp://10.64.2.65:49700
2024-08-21 15:33:50,837 - INFO - Total execution time connection 3448458461.6348906
2024-08-21 15:33:50,846 - INFO - Import node id from excel file successfully, dir svcEngine/bin/dataset/dataset.xlsx, total node id 2
2024-08-21 15:33:50,847 - INFO - Creating subscription for datachange
2024-08-21 15:33:50,847 - INFO - Create subscription with execution time 500
2024-08-21 15:33:50,857 - INFO - Total time for create subscribe 3448458461.7034874
2024-08-21 15:33:50,857 - INFO - Getting node information from server
2024-08-21 15:33:50,864 - INFO - Starting subscribing each node to server!
2024-08-21 15:35:34,521 - INFO - Disconnect OPC UA Server opc.tcp://10.64.2.65:49700
2024-08-21 15:36:08,148 - INFO - Connecting to OPC UA Server with url opc.tcp://10.64.2.65:49700
2024-08-21 15:36:08,180 - INFO - Connection successfully to OPC UA Server with url opc.tcp://10.64.2.65:49700
2024-08-21 15:36:08,181 - INFO - Total execution time connection 3448458736.3307934
2024-08-21 15:36:08,200 - INFO - Import node id from excel file successfully, dir svcEngine/bin/dataset/dataset.xlsx, total node id 2
2024-08-21 15:36:08,201 - INFO - Creating subscription for datachange
2024-08-21 15:36:08,202 - INFO - Create subscription with execution time 500
2024-08-21 15:36:08,213 - INFO - Total time for create subscribe 3448458736.413995
2024-08-21 15:36:08,214 - INFO - Getting node information from server
2024-08-21 15:36:08,221 - INFO - Starting subscribing each node to server!
2024-08-21 15:37:30,585 - INFO - Disconnect OPC UA Server opc.tcp://10.64.2.65:49700
2024-08-21 15:37:35,527 - INFO - Connecting to OPC UA Server with url opc.tcp://10.64.2.65:49700
2024-08-21 15:37:35,582 - INFO - Connection successfully to OPC UA Server with url opc.tcp://10.64.2.65:49700
2024-08-21 15:37:35,584 - INFO - Total execution time connection 3448458911.1119785
2024-08-21 15:37:35,593 - INFO - Import node id from excel file successfully, dir svcEngine/bin/dataset/dataset.xlsx, total node id 2
2024-08-21 15:37:35,595 - INFO - Creating subscription for datachange
2024-08-21 15:37:35,595 - INFO - Create subscription with execution time 500
2024-08-21 15:37:35,601 - INFO - Total time for create subscribe 3448458911.1955786
2024-08-21 15:37:35,601 - INFO - Getting node information from server
2024-08-21 15:37:35,608 - INFO - Starting subscribing each node to server!
2024-08-21 15:41:57,530 - INFO - Disconnect OPC UA Server opc.tcp://10.64.2.65:49700
2024-08-21 15:42:06,684 - INFO - Connecting to OPC UA Server with url opc.tcp://10.64.2.65:49700
2024-08-21 15:42:06,718 - INFO - Connection successfully to OPC UA Server with url opc.tcp://10.64.2.65:49700
2024-08-21 15:42:06,720 - INFO - Total execution time connection 3448459453.403283
2024-08-21 15:42:06,732 - INFO - Import node id from excel file successfully, dir svcEngine/bin/dataset/dataset.xlsx, total node id 2
2024-08-21 15:42:06,733 - INFO - Creating subscription for datachange
2024-08-21 15:42:06,734 - INFO - Create subscription with execution time 500
2024-08-21 15:42:06,746 - INFO - Total time for create subscribe 3448459453.479072
2024-08-21 15:42:06,746 - INFO - Getting node information from server
2024-08-21 15:42:06,791 - INFO - Starting subscribing each node to server!
2024-08-21 15:42:52,200 - INFO - Disconnect OPC UA Server opc.tcp://10.64.2.65:49700
2024-08-21 15:42:56,684 - INFO - Connecting to OPC UA Server with url opc.tcp://10.64.2.65:49700
2024-08-21 15:42:56,752 - INFO - Connection successfully to OPC UA Server with url opc.tcp://10.64.2.65:49700
2024-08-21 15:42:56,753 - INFO - Total execution time connection 3448459553.437087
2024-08-21 15:42:56,765 - INFO - Import node id from excel file successfully, dir svcEngine/bin/dataset/dataset.xlsx, total node id 2
2024-08-21 15:42:56,766 - INFO - Creating subscription for datachange
2024-08-21 15:42:56,767 - INFO - Create subscription with execution time 500
2024-08-21 15:42:56,858 - INFO - Total time for create subscribe 3448459553.6245213
2024-08-21 15:42:56,858 - INFO - Getting node information from server
2024-08-21 15:42:56,869 - INFO - Starting subscribing each node to server!
2024-08-21 15:43:23,431 - INFO - Disconnect OPC UA Server opc.tcp://10.64.2.65:49700
2024-08-21 15:45:30,024 - INFO - Connecting to OPC UA Server with url opc.tcp://10.64.2.65:49700
2024-08-21 15:45:30,050 - INFO - Connection successfully to OPC UA Server with url opc.tcp://10.64.2.65:49700
2024-08-21 15:45:30,051 - INFO - Total execution time connection 3448459860.076512
2024-08-21 15:45:30,061 - INFO - Import node id from excel file successfully, dir svcEngine/bin/dataset/dataset.xlsx, total node id 2
2024-08-21 15:45:30,062 - INFO - Creating subscription for datachange
2024-08-21 15:45:30,063 - INFO - Create subscription with execution time 500
2024-08-21 15:45:30,068 - INFO - Total time for create subscribe 3448459860.1297927
2024-08-21 15:45:30,068 - INFO - Getting node information from server
2024-08-21 15:45:30,074 - INFO - Starting subscribing each node to server!
2024-08-21 15:45:49,497 - INFO - Disconnect OPC UA Server opc.tcp://10.64.2.65:49700
2024-08-21 15:45:54,368 - INFO - Connecting to OPC UA Server with url opc.tcp://10.64.2.65:49700
2024-08-21 15:45:55,816 - INFO - Connection successfully to OPC UA Server with url opc.tcp://10.64.2.65:49700
2024-08-21 15:45:55,818 - INFO - Total execution time connection 3448459910.1855774
2024-08-21 15:45:55,832 - INFO - Import node id from excel file successfully, dir svcEngine/bin/dataset/dataset.xlsx, total node id 2
2024-08-21 15:45:55,834 - INFO - Creating subscription for datachange
2024-08-21 15:45:55,836 - INFO - Create subscription with execution time 500
2024-08-21 15:45:55,842 - INFO - Total time for create subscribe 3448459911.675091
2024-08-21 15:45:55,842 - INFO - Getting node information from server
2024-08-21 15:45:55,849 - INFO - Starting subscribing each node to server!
2024-08-21 17:36:26,762 - INFO - Disconnect OPC UA Server opc.tcp://10.64.2.65:49700
2024-08-21 17:58:12,238 - INFO - Connecting to OPC UA Server with url opc.tcp://10.64.2.65:49700
2024-08-21 17:58:12,260 - INFO - Connection successfully to OPC UA Server with url opc.tcp://10.64.2.65:49700
2024-08-21 17:58:12,261 - INFO - Total execution time connection 3448475784.4997582
2024-08-21 17:58:12,294 - INFO - Import node id from excel file successfully, dir svcEngine/bin/dataset/dataset.xlsx, total node id 2
2024-08-21 17:58:12,298 - INFO - Creating subscription for datachange
2024-08-21 17:58:12,300 - INFO - Create subscription with execution time 500
2024-08-21 17:58:12,306 - INFO - Total time for create subscribe 3448475784.6004906
2024-08-21 17:58:12,306 - INFO - Getting node information from server
2024-08-21 17:58:12,314 - INFO - Starting subscribing each node to server!
2024-08-21 18:00:13,343 - INFO - Disconnect OPC UA Server opc.tcp://10.64.2.65:49700
